0000000000000000 T __code_start
0000000000000000 A __start__
0000000000000000 T _start
0000000000000000 b _TLS_MODULE_BASE_
0000000000000000 0000000000000004 b g_fsPriority
0000000000000004 0000000000000004 b fsdev_last_result
0000000000000008 0000000000000401 B __nx_dev_path_buf
0000000000000108 T __nx_exit
0000000000000118 T __nx_mod0
0000000000000140 T _init
0000000000000180 0000000000000034 T std::__throw_bad_alloc()
00000000000001b4 0000000000000054 T std::__throw_logic_error(char const*)
0000000000000208 0000000000000054 T std::__throw_length_error(char const*)
000000000000025c 0000000000000034 W __gnu_cxx::__throw_concurrence_lock_error()
0000000000000290 0000000000000088 t _GLOBAL__sub_D__ZN3dbk4Menu9AddButtonEjPKcffff
0000000000000320 000000000000002c t _GLOBAL__sub_D_eh_globals.cc
0000000000000350 0000000000000038 T exit
0000000000000390 0000000000000180 T main
0000000000000510 0000000000000054 t _GLOBAL__sub_I_eh_alloc.cc
0000000000000570 0000000000000040 t _GLOBAL__sub_I_eh_globals.cc
00000000000005b0 t __do_global_dtors_aux
0000000000000600 t frame_dummy
0000000000000630 0000000000000008 t dknvg__renderViewport
0000000000000640 0000000000000014 t dknvg__renderCancel
0000000000000660 00000000000000b8 t dknvg_convertBlendFuncFactor
0000000000000720 0000000000000088 t dknvg__blendCompositeOperation
00000000000007b0 0000000000000004 W CApplication::onFocusState(AppletFocusState)
00000000000007c0 0000000000000004 W CApplication::onOperationMode(AppletOperationMode)
00000000000007d0 0000000000000080 t dknvg__allocCall
0000000000000850 0000000000000090 t dknvg__allocFragUniforms
00000000000008e0 000000000000000c t dknvg__renderFlush
00000000000008f0 0000000000000020 t dknvg__renderGetTextureSize
0000000000000910 0000000000000038 t dknvg__renderUpdateTexture
0000000000000950 0000000000000010 t dknvg__renderDeleteTexture
0000000000000960 0000000000000030 t dknvg__renderCreateTexture
0000000000000990 000000000000000c t dknvg__renderCreate
00000000000009a0 00000000000000a0 W Breeze::onFrame(unsigned long)
0000000000000a40 0000000000000048 t dknvg__renderDelete
0000000000000a90 00000000000002f0 t dknvg__convertPaint.isra.0
0000000000000d80 00000000000003b8 t dknvg__renderFill
0000000000001140 0000000000000190 t dknvg__renderTriangles
00000000000012d0 00000000000002f0 t dknvg__renderStroke
00000000000015c0 00000000000000e0 T nvgCreateDk
00000000000016a0 0000000000000054 T userAppInit
0000000000001700 0000000000000034 T userAppExit
0000000000001740 0000000000000370 W Breeze::CreateFramebufferResources()
0000000000001ab0 000000000000028c W Breeze::Breeze()
0000000000001ab0 000000000000028c W Breeze::Breeze()
0000000000001d40 0000000000000004 W std::_Sp_counted_ptr_inplace<dbk::MainMenu, std::allocator<dbk::MainMenu>, (__gnu_cxx::_Lock_policy)2>::~_Sp_counted_ptr_inplace()
0000000000001d50 0000000000000004 W std::_Sp_counted_ptr_inplace<dbk::MessageMenu, std::allocator<dbk::MessageMenu>, (__gnu_cxx::_Lock_policy)2>::~_Sp_counted_ptr_inplace()
0000000000001d60 0000000000000004 W std::_Sp_counted_ptr_inplace<dbk::WarningMenu, std::allocator<dbk::WarningMenu>, (__gnu_cxx::_Lock_policy)2>::~_Sp_counted_ptr_inplace()
0000000000001d70 0000000000000004 W std::_Sp_counted_ptr_inplace<dbk::ErrorMenu, std::allocator<dbk::ErrorMenu>, (__gnu_cxx::_Lock_policy)2>::~_Sp_counted_ptr_inplace()
0000000000001d80 0000000000000004 W std::_Sp_counted_ptr_inplace<dbk::CheatMenu, std::allocator<dbk::CheatMenu>, (__gnu_cxx::_Lock_policy)2>::~_Sp_counted_ptr_inplace()
0000000000001d90 0000000000000008 W std::_Sp_counted_ptr_inplace<dbk::CheatMenu, std::allocator<dbk::CheatMenu>, (__gnu_cxx::_Lock_policy)2>::~_Sp_counted_ptr_inplace()
0000000000001da0 0000000000000008 W std::_Sp_counted_ptr_inplace<dbk::ErrorMenu, std::allocator<dbk::ErrorMenu>, (__gnu_cxx::_Lock_policy)2>::~_Sp_counted_ptr_inplace()
0000000000001db0 0000000000000008 W std::_Sp_counted_ptr_inplace<dbk::WarningMenu, std::allocator<dbk::WarningMenu>, (__gnu_cxx::_Lock_policy)2>::~_Sp_counted_ptr_inplace()
0000000000001dc0 0000000000000008 W std::_Sp_counted_ptr_inplace<dbk::MessageMenu, std::allocator<dbk::MessageMenu>, (__gnu_cxx::_Lock_policy)2>::~_Sp_counted_ptr_inplace()
0000000000001dd0 0000000000000008 W std::_Sp_counted_ptr_inplace<dbk::MainMenu, std::allocator<dbk::MainMenu>, (__gnu_cxx::_Lock_policy)2>::~_Sp_counted_ptr_inplace()
0000000000001de0 0000000000000008 W std::_Sp_counted_ptr_inplace<dbk::CheatMenu, std::allocator<dbk::CheatMenu>, (__gnu_cxx::_Lock_policy)2>::_M_destroy()
0000000000001df0 0000000000000008 W std::_Sp_counted_ptr_inplace<dbk::ErrorMenu, std::allocator<dbk::ErrorMenu>, (__gnu_cxx::_Lock_policy)2>::_M_destroy()
0000000000001e00 0000000000000008 W std::_Sp_counted_ptr_inplace<dbk::WarningMenu, std::allocator<dbk::WarningMenu>, (__gnu_cxx::_Lock_policy)2>::_M_destroy()
0000000000001e10 0000000000000008 W std::_Sp_counted_ptr_inplace<dbk::MessageMenu, std::allocator<dbk::MessageMenu>, (__gnu_cxx::_Lock_policy)2>::_M_destroy()
0000000000001e20 0000000000000008 W std::_Sp_counted_ptr_inplace<dbk::MainMenu, std::allocator<dbk::MainMenu>, (__gnu_cxx::_Lock_policy)2>::_M_destroy()
0000000000001e30 0000000000000040 W std::_Sp_counted_ptr_inplace<dbk::CheatMenu, std::allocator<dbk::CheatMenu>, (__gnu_cxx::_Lock_policy)2>::_M_get_deleter(std::type_info const&)
0000000000001e70 0000000000000040 W std::_Sp_counted_ptr_inplace<dbk::ErrorMenu, std::allocator<dbk::ErrorMenu>, (__gnu_cxx::_Lock_policy)2>::_M_get_deleter(std::type_info const&)
0000000000001eb0 0000000000000040 W std::_Sp_counted_ptr_inplace<dbk::WarningMenu, std::allocator<dbk::WarningMenu>, (__gnu_cxx::_Lock_policy)2>::_M_get_deleter(std::type_info const&)
0000000000001ef0 0000000000000040 W std::_Sp_counted_ptr_inplace<dbk::MessageMenu, std::allocator<dbk::MessageMenu>, (__gnu_cxx::_Lock_policy)2>::_M_get_deleter(std::type_info const&)
0000000000001f30 0000000000000040 W std::_Sp_counted_ptr_inplace<dbk::MainMenu, std::allocator<dbk::MainMenu>, (__gnu_cxx::_Lock_policy)2>::_M_get_deleter(std::type_info const&)
0000000000001f70 0000000000000294 T dbk::CheatMenu::Draw(NVGcontext*, unsigned long)
0000000000002210 0000000000000134 t dbk::(anonymous namespace)::UpdateInput()
0000000000002350 0000000000000090 W std::_Sp_counted_ptr_inplace<dbk::MessageMenu, std::allocator<dbk::MessageMenu>, (__gnu_cxx::_Lock_policy)2>::_M_dispose()
00000000000023e0 0000000000000090 W std::_Sp_counted_ptr_inplace<dbk::ErrorMenu, std::allocator<dbk::ErrorMenu>, (__gnu_cxx::_Lock_policy)2>::_M_dispose()
0000000000002470 0000000000000090 W std::_Sp_counted_ptr_inplace<dbk::MainMenu, std::allocator<dbk::MainMenu>, (__gnu_cxx::_Lock_policy)2>::_M_dispose()
0000000000002500 00000000000000b4 W std::_Sp_counted_ptr_inplace<dbk::CheatMenu, std::allocator<dbk::CheatMenu>, (__gnu_cxx::_Lock_policy)2>::_M_dispose()
00000000000025c0 0000000000000104 W std::_Sp_counted_ptr_inplace<dbk::WarningMenu, std::allocator<dbk::WarningMenu>, (__gnu_cxx::_Lock_policy)2>::_M_dispose()
00000000000026d0 0000000000000150 t dbk::(anonymous namespace)::ReturnToPreviousMenu()
0000000000002820 00000000000000ec T dbk::Menu::AddButton(unsigned int, char const*, float, float, float, float)
0000000000002910 000000000000011c T dbk::Menu::GetClosestButtonToSelection(dbk::Direction)
0000000000002a30 00000000000000ec T dbk::Menu::GetTouchedButton()
0000000000002b20 0000000000000084 T dbk::Menu::GetActivatedButton()
0000000000002bb0 0000000000000138 T dbk::Menu::UpdateButtons()
0000000000002cf0 00000000000000c0 T dbk::ErrorMenu::Update(unsigned long)
0000000000002db0 00000000000000ac T dbk::MessageMenu::Update(unsigned long)
0000000000002e60 00000000000001e4 T dbk::WarningMenu::Update(unsigned long)
0000000000003050 0000000000000078 T dbk::Menu::DrawButtons(NVGcontext*, unsigned long)
00000000000030d0 000000000000013c T dbk::AlertMenu::Draw(NVGcontext*, unsigned long)
0000000000003210 000000000000008c T dbk::MainMenu::Draw(NVGcontext*, unsigned long)
00000000000032a0 00000000000001d4 T dbk::AlertMenu::AlertMenu(std::shared_ptr<dbk::Menu>, char const*, char const*, unsigned int)
00000000000032a0 00000000000001d4 T dbk::AlertMenu::AlertMenu(std::shared_ptr<dbk::Menu>, char const*, char const*, unsigned int)
0000000000003480 0000000000000154 T dbk::ErrorMenu::ErrorMenu(char const*, char const*, unsigned int)
0000000000003480 0000000000000154 T dbk::ErrorMenu::ErrorMenu(char const*, char const*, unsigned int)
00000000000035e0 0000000000000164 T dbk::MessageMenu::MessageMenu(std::shared_ptr<dbk::Menu>, char const*, char const*, unsigned int)
00000000000035e0 0000000000000164 T dbk::MessageMenu::MessageMenu(std::shared_ptr<dbk::Menu>, char const*, char const*, unsigned int)
0000000000003750 00000000000001ec T dbk::WarningMenu::WarningMenu(std::shared_ptr<dbk::Menu>, std::shared_ptr<dbk::Menu>, char const*, char const*, unsigned int)
0000000000003750 00000000000001ec T dbk::WarningMenu::WarningMenu(std::shared_ptr<dbk::Menu>, std::shared_ptr<dbk::Menu>, char const*, char const*, unsigned int)
0000000000003940 0000000000000154 T dbk::MainMenu::MainMenu()
0000000000003940 0000000000000154 T dbk::MainMenu::MainMenu()
0000000000003aa0 0000000000000120 T dbk::CheatMenu::IsEntryTouched(unsigned int)
0000000000003bc0 0000000000000260 T dbk::CheatMenu::FinalizeSelection()
0000000000003e20 0000000000000248 T dbk::CheatMenu::UpdateTouches()
0000000000004070 00000000000001cc T dbk::CheatMenu::Update(unsigned long)
0000000000004240 0000000000000390 T dbk::InitializeMenu(unsigned int, unsigned int)
00000000000045d0 0000000000000050 T dbk::UpdateMenu(unsigned long)
0000000000004620 0000000000000194 T dbk::RenderMenu(NVGcontext*, unsigned long)
00000000000047c0 000000000000000c T dbk::IsExitRequested()
00000000000047d0 0000000000000154 W void std::vector<DmntCheatEntry, std::allocator<DmntCheatEntry> >::_M_realloc_insert<DmntCheatEntry const&>(__gnu_cxx::__normal_iterator<DmntCheatEntry*, std::vector<DmntCheatEntry, std::allocator<DmntCheatEntry> > >, DmntCheatEntry const&)
0000000000004930 00000000000001f4 T dbk::CheatMenu::PopulateCheatEntries()
0000000000004b30 0000000000000180 T dbk::CheatMenu::CheatMenu(std::shared_ptr<dbk::Menu>, char const*)
0000000000004b30 0000000000000180 T dbk::CheatMenu::CheatMenu(std::shared_ptr<dbk::Menu>, char const*)
0000000000004cb0 0000000000000a20 T dbk::MainMenu::Update(unsigned long)
00000000000056d0 00000000000000d8 T dbk::DrawStar(NVGcontext*, float, float, float)
00000000000057b0 0000000000000170 T dbk::DrawBackground(NVGcontext*, float, float)
0000000000005920 00000000000003c0 T dbk::DrawWindow(NVGcontext*, char const*, float, float, float, float)
0000000000005ce0 0000000000000580 T dbk::DrawButton(NVGcontext*, char const*, float, float, float, float, dbk::ButtonStyle, unsigned long)
0000000000006260 00000000000000c4 T dbk::DrawTextBackground(NVGcontext*, float, float, float, float)
0000000000006330 00000000000000f8 T dbk::DrawText(NVGcontext*, float, float, float, char const*)
0000000000006430 00000000000000a8 t _amssuCleanup
00000000000064e0 00000000000000a0 T amssuInitialize
0000000000006580 0000000000000048 T amssuExit
00000000000065d0 00000000000000d0 t _dmntchtGetCount
00000000000066a0 0000000000000100 t _dmntchtGetEntries
00000000000067a0 00000000000000c4 t _dmntchtCmdInU32NoOut
0000000000006870 0000000000000068 t _dmntchtCleanup
00000000000068e0 00000000000000a4 T dmntchtInitialize
0000000000006990 0000000000000048 T dmntchtExit
00000000000069e0 0000000000000008 T dmntchtGetCheatCount
00000000000069f0 0000000000000010 T dmntchtGetCheats
0000000000006a00 00000000000000e0 T dmntchtGetCheatById
0000000000006ae0 0000000000000008 T dmntchtToggleCheat
0000000000006af0 0000000000000004 W std::_Sp_counted_ptr_inplace<nvg::Texture, std::allocator<nvg::Texture>, (__gnu_cxx::_Lock_policy)2>::~_Sp_counted_ptr_inplace()
0000000000006b00 0000000000000040 W std::_Sp_counted_ptr_inplace<nvg::Texture, std::allocator<nvg::Texture>, (__gnu_cxx::_Lock_policy)2>::_M_get_deleter(std::type_info const&)
0000000000006b40 0000000000000008 W std::_Sp_counted_ptr_inplace<nvg::Texture, std::allocator<nvg::Texture>, (__gnu_cxx::_Lock_policy)2>::~_Sp_counted_ptr_inplace()
0000000000006b50 0000000000000008 W std::_Sp_counted_ptr_inplace<nvg::Texture, std::allocator<nvg::Texture>, (__gnu_cxx::_Lock_policy)2>::_M_destroy()
0000000000006b60 0000000000000014 W std::_Sp_counted_ptr_inplace<nvg::Texture, std::allocator<nvg::Texture>, (__gnu_cxx::_Lock_policy)2>::_M_dispose()
0000000000006b80 00000000000001b4 t nvg::(anonymous namespace)::UpdateImage(dk::Image&, CMemPool&, dk::Device, dk::Queue, int, int, int, int, int, unsigned char const*) [clone .constprop.0]
0000000000006d40 000000000000019c T nvg::Texture::Initialize(CMemPool&, CMemPool&, dk::Device, dk::Queue, int, int, int, int, unsigned char const*)
0000000000006ee0 0000000000000320 T nvg::DkRenderer::DkRenderer(unsigned int, unsigned int, dk::Device, dk::Queue, CMemPool&, CMemPool&, CMemPool&)
0000000000006ee0 0000000000000320 T nvg::DkRenderer::DkRenderer(unsigned int, unsigned int, dk::Device, dk::Queue, CMemPool&, CMemPool&, CMemPool&)
0000000000007200 0000000000000220 T nvg::DkRenderer::~DkRenderer()
0000000000007200 0000000000000220 T nvg::DkRenderer::~DkRenderer()
0000000000007420 00000000000000e4 T nvg::DkRenderer::AcquireImageDescriptor(std::shared_ptr<nvg::Texture>, int)
0000000000007510 00000000000000bc T nvg::DkRenderer::UpdateVertexBuffer(void const*, unsigned long)
00000000000075d0 000000000000026c T nvg::DkRenderer::SetUniforms(DKNVGcontext const&, int, int)
0000000000007840 0000000000000200 T nvg::DkRenderer::DrawFill(DKNVGcontext const&, DKNVGcall const&)
0000000000007a40 00000000000000a0 T nvg::DkRenderer::DrawConvexFill(DKNVGcontext const&, DKNVGcall const&)
0000000000007ae0 0000000000000274 T nvg::DkRenderer::DrawStroke(DKNVGcontext const&, DKNVGcall const&)
0000000000007d60 0000000000000084 T nvg::DkRenderer::Create(DKNVGcontext&)
0000000000007df0 00000000000001d0 T nvg::DkRenderer::DeleteTexture(DKNVGcontext const&, int)
0000000000007fc0 0000000000000120 T nvg::DkRenderer::UpdateTexture(DKNVGcontext const&, int, int, int, int, int, unsigned char const*)
00000000000080e0 000000000000004c T nvg::DkRenderer::GetTextureSize(DKNVGcontext const&, int, int*, int*)
0000000000008130 000000000000003c T nvg::DkRenderer::GetTextureDescriptor(DKNVGcontext const&, int)
0000000000008170 0000000000000354 T nvg::DkRenderer::Flush(DKNVGcontext&)
00000000000084d0 000000000000015c W void std::vector<std::shared_ptr<nvg::Texture>, std::allocator<std::shared_ptr<nvg::Texture> > >::_M_realloc_insert<std::shared_ptr<nvg::Texture> const&>(__gnu_cxx::__normal_iterator<std::shared_ptr<nvg::Texture>*, std::vector<std::shared_ptr<nvg::Texture>, std::allocator<std::shared_ptr<nvg::Texture> > > >, std::shared_ptr<nvg::Texture> const&)
0000000000008630 0000000000000190 T nvg::DkRenderer::CreateTexture(DKNVGcontext const&, int, int, int, int, unsigned char const*)
00000000000087c0 0000000000000008 W CApplication::onFrame(unsigned long)
00000000000087d0 0000000000000024 T CApplication::CApplication()
00000000000087d0 0000000000000024 T CApplication::CApplication()
0000000000008800 0000000000000028 T CApplication::~CApplication()
0000000000008800 0000000000000028 T CApplication::~CApplication()
0000000000008830 00000000000001ac T CApplication::run()
00000000000089e0 0000000000000070 T CMemPool::~CMemPool()
00000000000089e0 0000000000000070 T CMemPool::~CMemPool()
0000000000008a50 0000000000000434 T CMemPool::allocate(unsigned int, unsigned int)
0000000000008e90 00000000000001d8 T CMemPool::_destroy(CMemPool::Slice*)
0000000000009070 0000000000000158 T CShader::load(CMemPool&, char const*)
00000000000091d0 00000000000000ec t stbtt__isfont
00000000000092c0 00000000000000bc t stbtt__find_table
0000000000009380 00000000000000f0 t stbtt_GetFontOffsetForIndex_internal
0000000000009470 00000000000000c4 t stbtt__close_shape
0000000000009540 00000000000000a4 t stbtt__track_vertex
00000000000095f0 00000000000000c4 t stbtt__csctx_rccurve_to
00000000000096c0 00000000000001b8 t stbtt__sort_edges_quicksort
0000000000009880 00000000000000cc t fons__blurCols
0000000000009950 00000000000000c0 t fons__blurRows
0000000000009a10 0000000000000098 t fons__flush
0000000000009ab0 0000000000000070 t nvg__polyReverse
0000000000009b20 0000000000000084 t nvg__chooseBevel
0000000000009bb0 00000000000000f0 t nvg__renderText
0000000000009ca0 0000000000000110 t stbtt__GetGlyfOffset
0000000000009db0 0000000000000160 t stbtt__GetGlyphClass
0000000000009f10 0000000000000270 t stbtt__tesselate_cubic
000000000000a180 000000000000004c t nvg__deletePathCache
000000000000a1d0 00000000000000fc t fons__atlasInsertNode
000000000000a2d0 000000000000013c t nvg__addPoint
000000000000a410 00000000000001a0 t nvg__tesselateBezier
000000000000a5b0 0000000000000210 t nvg__appendCommands
000000000000a7c0 000000000000002c t stbtt__buf_seek.part.0
000000000000a7f0 000000000000007c t stbtt__buf_get
000000000000a870 000000000000021c t nvg__bevelJoin.constprop.0
000000000000aa90 000000000000027c t stbtt__handle_clipped_edge.part.0.isra.0
000000000000ad10 0000000000000234 t nvg__calculateJoins.isra.0
000000000000af50 00000000000000e4 t fons__getVertAlign.isra.0
000000000000b040 0000000000000150 t stbtt__tesselate_curve.isra.0
000000000000b190 0000000000000328 t fons__atlasAddRect
000000000000b4c0 00000000000000a0 t fons__addWhiteRect.constprop.0
000000000000b560 00000000000000a4 t nvg__getFontScale
000000000000b610 0000000000000060 t nvg__flushTextTexture
000000000000b670 0000000000000080 t stbtt__csctx_rline_to
000000000000b6f0 000000000000008c t stbtt__csctx_close_shape
000000000000b780 0000000000000094 t stbtt__csctx_rmove_to
000000000000b820 00000000000004fc t nvg__flattenPaths
000000000000bd20 000000000000039c t nvg__expandFill.constprop.0.isra.0
000000000000c0c0 000000000000012c t stbtt__cff_get_index
000000000000c1f0 0000000000000174 t stbtt__cff_index_get
000000000000c370 000000000000014c t stbtt__cff_int
000000000000c4c0 000000000000018c t stbtt__dict_get
000000000000c650 0000000000000114 t stbtt__get_subrs
000000000000c770 0000000000000ab4 t stbtt__run_charstring
000000000000d230 0000000000000110 t stbtt__GetGlyphShapeT2
000000000000d340 00000000000008f0 t stbtt__GetGlyphShapeTT
000000000000dc30 000000000000048c t stbtt_InitFont_internal
000000000000e0c0 0000000000000b48 t stbtt__rasterize_sorted_edges.constprop.0
000000000000ec10 0000000000000440 T stbtt_FindGlyphIndex
000000000000f050 000000000000018c T stbtt_GetGlyphBox
000000000000f1e0 00000000000000f4 T stbtt_GetGlyphHMetrics
000000000000f2e0 00000000000006a4 T stbtt_GetGlyphKernAdvance
000000000000f990 0000000000000180 t fons__getQuad
000000000000fb10 0000000000000088 T stbtt_GetFontVMetrics
000000000000fba0 0000000000000124 T stbtt_GetGlyphBitmapBoxSubpixel
000000000000fcd0 00000000000005f0 T stbtt_Rasterize
00000000000102c0 0000000000000158 T stbtt_MakeGlyphBitmapSubpixel
0000000000010420 00000000000005cc t fons__getGlyph
00000000000109f0 0000000000000080 T fonsPushState
0000000000010a70 00000000000001dc T fonsAddFontMem
0000000000010c50 0000000000000114 T fonsTextIterNext
0000000000010d70 000000000000031c T fonsTextBounds
0000000000011090 00000000000001dc T fonsTextIterInit
0000000000011270 00000000000000ec T fonsLineBounds
0000000000011360 00000000000000d4 T fonsDeleteInternal
0000000000011440 00000000000001a0 T fonsCreateInternal
00000000000115e0 0000000000000120 T fonsResetAtlas
0000000000011700 00000000000000f4 t nvg__allocTextAtlas
0000000000011800 0000000000000098 T nvgDeleteInternal
00000000000118a0 0000000000000184 T nvgEndFrame
0000000000011a30 0000000000000078 T nvgRGB
0000000000011ab0 0000000000000084 T nvgRGBA
0000000000011b40 0000000000000014 T nvgTransformTranslate
0000000000011b60 0000000000000014 T nvgTransformScale
0000000000011b80 0000000000000080 T nvgTransformMultiply
0000000000011c00 0000000000000118 T nvgTransformInverse
0000000000011d20 0000000000000074 T nvgSave
0000000000011da0 0000000000000018 T nvgRestore
0000000000011dc0 0000000000000150 T nvgReset
0000000000011f10 000000000000009c T nvgBeginFrame
0000000000011fb0 00000000000001b4 T nvgCreateInternal
0000000000012170 0000000000000084 T nvgFillColor
0000000000012200 00000000000000e4 T nvgFillPaint
00000000000122f0 0000000000000170 T nvgLinearGradient
0000000000012460 0000000000000094 T nvgBoxGradient
0000000000012500 0000000000000100 T nvgScissor
0000000000012600 0000000000000014 T nvgBeginPath
0000000000012620 000000000000002c T nvgPathWinding
0000000000012650 0000000000000048 T nvgRect
00000000000126a0 0000000000000200 T nvgRoundedRectVarying
00000000000128a0 0000000000000010 T nvgRoundedRect
00000000000128b0 00000000000000ac T nvgEllipse
0000000000012960 0000000000000170 T nvgFill
0000000000012ad0 000000000000000c T nvgCreateFontMem
0000000000012ae0 000000000000001c T nvgFontSize
0000000000012b00 000000000000001c T nvgTextAlign
0000000000012b20 00000000000000a4 T nvgFontFace
0000000000012bd0 0000000000000400 T nvgText
0000000000012fd0 000000000000015c T nvgTextBounds
0000000000013130 00000000000000b4 T CIntrusiveTreeBase::rotate(CIntrusiveTreeNode*, CIntrusiveTreeNode::Leaf)
00000000000131f0 00000000000001b0 T CIntrusiveTreeBase::recolor(CIntrusiveTreeNode*, CIntrusiveTreeNode*)
00000000000133a0 0000000000000070 T CIntrusiveTreeBase::walk(CIntrusiveTreeNode*, CIntrusiveTreeNode::Leaf) const
0000000000013410 000000000000011c T CIntrusiveTreeBase::insert(CIntrusiveTreeNode*, CIntrusiveTreeNode*)
0000000000013530 0000000000000134 T CIntrusiveTreeBase::remove(CIntrusiveTreeNode*)
0000000000013670 00000000000000fc T dk::detail::Queue::waitFenceRing(bool)
0000000000013770 0000000000000148 T dk::detail::Queue::addCmdMemory(unsigned long)
00000000000138c0 000000000000008c T dk::detail::Queue::appendGpfifoEntries(dk::detail::CtrlCmdGpfifoEntry const*, unsigned int)
0000000000013950 0000000000000004 W dk::detail::Queue::_gpfifoFlushFunc(void*, dk::detail::CtrlCmdGpfifoEntry const*, unsigned int)
0000000000013960 0000000000000184 T dk::detail::Queue::waitFence(dk::detail::Fence&)
0000000000013af0 000000000000018c T dk::detail::Queue::signalFence(dk::detail::Fence&, bool)
0000000000013c80 0000000000000138 T dk::detail::Queue::flushRing(bool)
0000000000013dc0 0000000000000220 T dk::detail::Queue::flush()
0000000000013fe0 00000000000000cc T dk::detail::Queue::onCmdBufAddMem(unsigned long)
00000000000140b0 0000000000000008 W dk::detail::Queue::_addMemFunc(void*, dk::detail::CmdBuf*, unsigned long)
00000000000140c0 0000000000000050 T dk::detail::Queue::waitIdle()
0000000000014110 0000000000000064 T dk::detail::Queue::~Queue()
0000000000014110 0000000000000064 T dk::detail::Queue::~Queue()
0000000000014180 000000000000002c T dkQueueDestroy
00000000000141b0 0000000000000004 T dkQueueWaitIdle
00000000000141c0 0000000000000004 W dk::detail::ComputeQueue::initialize()
00000000000141d0 00000000000001a0 T dk::detail::Queue::initialize()
0000000000014370 00000000000001f4 T dkQueueCreate
0000000000014570 0000000000000054 W dk::detail::ComputeQueue::processCtrlCmd(dk::detail::CtrlCmdHeader const*)
00000000000145d0 00000000000001b0 T dk::detail::Queue::submitCommands(unsigned long)
00000000000145d0 00000000000001b0 t dk::detail::Queue::submitCommands(unsigned long) [clone .localalias]
0000000000014780 0000000000000020 T dkQueueSubmitCommands
00000000000147a0 0000000000000254 T dk::detail::ImageLayout::calcLevelOffset(unsigned int) const
0000000000014a00 00000000000003c4 T dk::detail::ImageInfo::fromImageView(DkImageView const*, unsigned int)
0000000000014dd0 0000000000000424 T dkImageLayoutInitialize
0000000000015200 0000000000000008 T dkImageLayoutGetSize
0000000000015210 0000000000000008 T dkImageLayoutGetAlignment
0000000000015220 000000000000006c T dkImageInitialize
0000000000015290 00000000000002b8 T dkCmdBufCopyBufferToImage
0000000000015550 0000000000000008 t (anonymous namespace)::defaultFreeFunc(void*, void*)
0000000000015560 0000000000000048 t (anonymous namespace)::defaultAllocFunc(void*, unsigned long, unsigned long, void**)
00000000000155b0 00000000000000cc T dk::detail::Device::initialize()
0000000000015680 0000000000000054 T dk::detail::Device::~Device()
0000000000015680 0000000000000054 T dk::detail::Device::~Device()
00000000000156e0 00000000000000a8 T dk::detail::Device::reserveQueueId()
0000000000015790 000000000000005c T dk::detail::Device::returnQueueId(unsigned int)
00000000000157f0 0000000000000014 T dk::detail::Device::freeMem(void*) const
0000000000015810 0000000000000030 T dkDeviceDestroy
0000000000015840 0000000000000018 T dk::detail::RaiseError(DkResult)
0000000000015860 0000000000000040 T dk::detail::Device::allocMem(unsigned long, unsigned long) const
00000000000158a0 0000000000000014 T dk::detail::ObjBase::operator new(unsigned long, dk::detail::Device*)
00000000000158c0 0000000000000168 T dkDeviceCreate
0000000000015a30 0000000000000008 T dk::detail::ObjBase::allocMem(unsigned long, unsigned long) const
0000000000015a40 0000000000000008 T dk::detail::ObjBase::freeMem(void*) const
0000000000015a50 0000000000000008 T dk::detail::ObjBase::operator delete(void*)
0000000000015a60 00000000000004b4 T dkCmdBufBindShaders
0000000000015f20 00000000000001cc T dkCmdBufBindUniformBuffers
00000000000160f0 0000000000000180 T dkCmdBufBindTextures
0000000000016270 00000000000001e8 T dk::detail::Swapchain::initialize(void*, dk::detail::Image const* const*, unsigned int)
0000000000016460 0000000000000010 T dk::detail::Swapchain::~Swapchain()
0000000000016460 0000000000000010 T dk::detail::Swapchain::~Swapchain()
0000000000016470 000000000000002c T dk::detail::Swapchain::acquireImage(int&, dk::detail::Fence&)
00000000000164a0 0000000000000050 T dk::detail::Swapchain::presentImage(int, dk::detail::Fence const&)
00000000000164f0 00000000000000a0 T dkSwapchainCreate
0000000000016590 000000000000002c T dkSwapchainDestroy
00000000000165c0 0000000000000054 T dkQueueAcquireImage
0000000000016620 0000000000000084 T dkQueuePresentImage
00000000000166b0 0000000000000168 T dk::detail::Fence::wait(int)
0000000000016820 000000000000002c T dkFenceWait
0000000000016850 0000000000000078 T dk::detail::CodeSegMgr::initialize()
00000000000168d0 0000000000000078 T dk::detail::CodeSegMgr::cleanup()
0000000000016950 0000000000000118 T dk::detail::CodeSegMgr::allocSpace(unsigned int, unsigned long&)
0000000000016a70 0000000000000028 T dk::detail::CodeSegMgr::freeSpace(unsigned long, unsigned int)
0000000000016aa0 0000000000000120 T dkShaderInitialize
0000000000016bc0 0000000000000104 T dk::detail::QueueWorkBuf::QueueWorkBuf(DkQueueMaker const&)
0000000000016bc0 0000000000000104 T dk::detail::QueueWorkBuf::QueueWorkBuf(DkQueueMaker const&)
0000000000016cd0 0000000000000230 T dk::detail::MemBlock::initialize(unsigned int, void*, unsigned int)
0000000000016f00 00000000000000c0 T dk::detail::MemBlock::destroy()
0000000000016fc0 0000000000000084 T dk::detail::MemBlock::getGpuAddrForImage(unsigned int, unsigned int, NvKind)
0000000000017050 000000000000009c T dkMemBlockCreate
00000000000170f0 000000000000002c T dkMemBlockDestroy
0000000000017120 000000000000001c T dkMemBlockGetCpuAddr
0000000000017140 0000000000000008 T dkMemBlockGetGpuAddr
0000000000017150 0000000000000098 T dk::detail::Queue::checkError()
00000000000171f0 0000000000000054 T dk::detail::Device::checkQueueErrors()
0000000000017250 0000000000000034 T dk::detail::CmdBuf::clear()
0000000000017290 0000000000000048 T dk::detail::CmdBuf::~CmdBuf()
0000000000017290 0000000000000048 T dk::detail::CmdBuf::~CmdBuf()
00000000000172e0 0000000000000068 T dk::detail::CmdBuf::requestCmdMem(unsigned int)
0000000000017350 00000000000000fc T dk::detail::CmdBuf::appendCtrlCmd(unsigned long)
0000000000017450 0000000000000154 T dk::detail::CmdBuf::appendRawGpfifoEntry(unsigned long, unsigned int, unsigned int)
00000000000175b0 0000000000000080 T dk::detail::CmdBuf::finishList()
0000000000017630 0000000000000090 T dk::detail::CmdBuf::addMemory(dk::detail::MemBlock*, unsigned int, unsigned int)
00000000000176c0 000000000000005c T dkCmdBufCreate
0000000000017720 000000000000002c T dkCmdBufDestroy
0000000000017750 0000000000000004 T dkCmdBufAddMemory
0000000000017760 0000000000000004 T dkCmdBufFinishList
0000000000017770 0000000000000004 T dkCmdBufClear
0000000000017780 000000000000008c T dkCmdBufSignalFence
0000000000017810 00000000000001d0 T maxwell::pickImageMemoryKind(maxwell::FormatTraits const&, unsigned int, bool, bool)
00000000000179e0 00000000000009b0 T dk::detail::Queue::setup3DEngine()
0000000000018390 0000000000000378 T dkCmdBufBindRenderTargets
0000000000018710 0000000000000170 T dkCmdBufSetViewports
0000000000018880 00000000000002dc T dkCmdBufSetScissors
0000000000018b60 0000000000000150 T dk::detail::Queue::decompressSurface(dk::detail::Image const*)
0000000000018cb0 00000000000000c8 T dkCmdBufClearColor
0000000000018d80 0000000000000148 T dkCmdBufClearDepthStencil
0000000000018ed0 000000000000008c T dkCmdBufDraw
0000000000018f60 00000000000001fc T dkCmdBufBindRasterizerState
0000000000019160 00000000000000e8 T dkCmdBufBindColorState
0000000000019250 0000000000000074 T dkCmdBufBindColorWriteState
00000000000192d0 00000000000000f4 T dkCmdBufBindBlendStates
00000000000193d0 000000000000005c T dkCmdBufBindDepthStencilState
0000000000019430 00000000000000cc T dkCmdBufSetStencil
0000000000019500 0000000000000114 T dkCmdBufBindVtxAttribState
0000000000019620 000000000000016c T dkCmdBufBindVtxBufferState
0000000000019790 0000000000000104 T dkCmdBufBindVtxBuffers
00000000000198a0 0000000000000030 T dk::detail::Queue::setupTransfer()
00000000000198d0 00000000000002b8 T dk::detail::BlitCopyEngine(dk::detail::CmdBuf*, dk::detail::ImageInfo const&, dk::detail::ImageInfo const&, dk::detail::BlitParams const&, unsigned int, unsigned int)
0000000000019b90 00000000000002bc T dk::detail::Blit2DEngine(dk::detail::CmdBuf*, dk::detail::ImageInfo const&, dk::detail::ImageInfo const&, dk::detail::BlitParams const&, int, int, unsigned int, unsigned int)
0000000000019e50 00000000000000c4 T dkCmdBufPushData
0000000000019f20 0000000000000680 T dk::detail::Queue::setupEngines()
000000000001a5a0 00000000000001f4 T dkCmdBufBarrier
000000000001a7a0 0000000000000138 T dk::detail::Queue::postSubmitFlush()
000000000001a8e0 000000000000007c T dkCmdBufBindImageDescriptorSet
000000000001a960 000000000000007c T dkCmdBufBindSamplerDescriptorSet
000000000001a9e0 00000000000000d4 T dkCmdBufPushConstants
000000000001aac0 000000000000060c T dkImageDescriptorInitialize
000000000001b0d0 00000000000004d4 T dkSamplerDescriptorInitialize
000000000001b5b0 0000000000000068 T dk::detail::Device::calcZcullStorageInfo(dk::detail::ZcullStorageInfo&, unsigned int, unsigned int, unsigned int, DkImageFormat, DkMsMode)
000000000001b620 000000000000000c T eventLoadRemote
000000000001b630 0000000000000038 T eventWait
000000000001b670 0000000000000050 T eventClose
000000000001b6c0 0000000000000080 T mutexLock
000000000001b740 0000000000000068 T mutexUnlock
000000000001b7b0 000000000000001c T mutexIsLockedByCurrentThread
000000000001b7d0 000000000000004c T rmutexLock
000000000001b820 000000000000001c T rmutexUnlock
000000000001b840 00000000000000a8 T tmemCreate
000000000001b8f0 0000000000000034 T tmemUnmap
000000000001b930 0000000000000068 T tmemClose
000000000001b9a0 0000000000000064 t _memregionInitWithInfo
000000000001ba10 0000000000000178 t _memregionFindRandom
000000000001bb90 0000000000000120 T virtmemSetup
000000000001bcb0 000000000000000c T virtmemLock
000000000001bcc0 000000000000000c T virtmemUnlock
000000000001bcd0 0000000000000054 T virtmemFindAslr
000000000001bd30 000000000000045c T waitObjects
000000000001c190 0000000000000024 t _appletInfiniteSleepLoop
000000000001c1c0 00000000000000f0 t _appletCmdGetSession
000000000001c2b0 00000000000000cc t _appletCmdInU8NoOut
000000000001c380 0000000000000110 t _appletGetLaunchReason
000000000001c490 00000000000000e4 t _appletSetFocusHandlingMode
000000000001c580 00000000000000cc t _appletCmdInU32NoOut
000000000001c650 0000000000000118 t _appletGetSessionProxy.constprop.0
000000000001c770 0000000000000134 t _appletOpenLibraryAppletProxy.constprop.0
000000000001c8b0 00000000000000d0 t _appletCmdGetHandle.constprop.0.isra.0
000000000001c980 00000000000000d4 t _appletCmdNoInOutU8.isra.0
000000000001ca60 00000000000000d4 t _appletCmdNoInOutU32.isra.0
000000000001cb40 00000000000000d4 t _appletCmdNoInOutU64.isra.0
000000000001cc20 00000000000000c0 t _appletCmdNoIO.isra.0
000000000001cce0 0000000000000010 T appletGetAppletType
000000000001ccf0 0000000000000118 T appletSetFocusHandlingMode
000000000001ce10 000000000000005c T appletSetCpuBoostMode
000000000001ce70 0000000000000024 T appletLockExit
000000000001cea0 0000000000000024 T appletUnlockExit
000000000001ced0 000000000000002c T appletCreateManagedDisplayLayer
000000000001cf00 000000000000000c T appletGetAppletResourceUserId
000000000001cf10 00000000000000f8 t _appletGetIndirectLayerConsumerHandle
000000000001d010 0000000000000088 t _appletHolderCreateState
000000000001d0a0 00000000000000b4 T appletHolderClose
000000000001d160 0000000000000024 T appletHolderGetLibraryAppletInfo
000000000001d190 0000000000000090 T appletNotifyRunning
000000000001d220 000000000000008c T appletSetGamePlayRecordingState
000000000001d2b0 0000000000000ac4 t _appletCleanup
000000000001dd80 0000000000000044 T appletExit
000000000001ddd0 0000000000000040 T appletGetLibraryAppletInfo
000000000001de10 0000000000000a28 T appletInitialize
000000000001e840 0000000000000024 t _appletExitProcess
000000000001e870 000000000000000c T appletGetOperationMode
000000000001e880 000000000000000c T appletGetFocusState
000000000001e890 0000000000000074 T appletGetMessage
000000000001e910 0000000000000248 T appletProcessMessage
000000000001eb60 00000000000001b4 t _fatalCmd
000000000001ed20 000000000000000c T fatalThrowWithPolicy
000000000001ed30 0000000000000014 T fatalThrow
000000000001ed50 00000000000000b4 t _fsCleanup
000000000001ee10 00000000000001b0 t _fsCmdNoIO
000000000001efc0 00000000000001d8 t _fsFsCmdWithInPath
000000000001f1a0 00000000000001fc t _fsFsCmdWithTwoInPaths
000000000001f3a0 0000000000000230 t _fsFsOpenCommon
000000000001f5d0 00000000000001f4 t _fsFsCmdWithInPathAndOutU64
000000000001f7d0 00000000000000f4 t _fsObjectClose
000000000001f8d0 0000000000000170 t _fsCmdGetSession.constprop.0
000000000001fa40 0000000000000314 T fsInitialize
000000000001fd60 0000000000000044 T fsExit
000000000001fdb0 0000000000000008 T fsOpenSdCardFileSystem
000000000001fdc0 0000000000000008 T fsOpenDataStorageByCurrentProcess
000000000001fdd0 00000000000001e8 T fsFsCreateFile
000000000001ffc0 0000000000000008 T fsFsDeleteFile
000000000001ffd0 0000000000000008 T fsFsCreateDirectory
000000000001ffe0 0000000000000008 T fsFsDeleteDirectory
000000000001fff0 0000000000000008 T fsFsRenameFile
0000000000020000 0000000000000008 T fsFsRenameDirectory
0000000000020010 00000000000001ec T fsFsGetEntryType
0000000000020200 0000000000000008 T fsFsOpenFile
0000000000020210 0000000000000008 T fsFsOpenDirectory
0000000000020220 0000000000000008 T fsFsGetFreeSpace
0000000000020230 0000000000000008 T fsFsGetTotalSpace
0000000000020240 0000000000000234 T fsFsGetFileTimeStampRaw
0000000000020480 0000000000000004 T fsFsClose
0000000000020490 000000000000021c T fsFileRead
00000000000206b0 000000000000020c T fsFileWrite
00000000000208c0 0000000000000008 T fsFileFlush
00000000000208d0 00000000000001b4 T fsFileSetSize
00000000000208d0 00000000000001b4 t fsFileSetSize.localalias
0000000000020a90 00000000000001c4 T fsFileGetSize
0000000000020a90 00000000000001c4 t fsFileGetSize.localalias
0000000000020c60 0000000000000004 T fsFileClose
0000000000020c70 0000000000000004 T fsDirClose
0000000000020c80 0000000000000204 T fsDirRead
0000000000020e90 00000000000001f0 T fsStorageRead
0000000000021080 0000000000000004 T fsStorageClose
0000000000021090 0000000000000110 t _hidCleanup
00000000000211a0 00000000000000d4 t _hidCmdInAruidNoOut
0000000000021280 00000000000000e0 t _hidCmdInU32AruidNoOut
0000000000021360 0000000000000184 t _hidGetStates
00000000000214f0 00000000000000fc t _hidCreateAppletResource.constprop.0
00000000000215f0 00000000000000c8 t _hidCmdGetHandle.constprop.0
00000000000216c0 00000000000000dc T hidInitialize
00000000000217a0 0000000000000044 T hidExit
00000000000217f0 000000000000000c T hidGetSharedmemAddr
0000000000021800 0000000000000094 T hidGetNpadStyleSet
00000000000218a0 0000000000000020 T hidInitializeTouchScreen
00000000000218c0 0000000000000088 T hidGetTouchScreenStates
0000000000021950 000000000000006c T hidInitializeNpad
00000000000219c0 00000000000000ac T hidGetNpadStatesFullKey
0000000000021a70 00000000000000ac T hidGetNpadStatesHandheld
0000000000021b20 00000000000000ac T hidGetNpadStatesJoyDual
0000000000021bd0 00000000000000ac T hidGetNpadStatesJoyLeft
0000000000021c80 00000000000000ac T hidGetNpadStatesJoyRight
0000000000021d30 0000000000000174 T hidGetNpadStatesGc
0000000000021eb0 00000000000000b0 T hidGetNpadStatesSystemExt
0000000000021f60 0000000000000008 T hidSetSupportedNpadStyleSet
0000000000021f70 00000000000000fc T hidSetSupportedNpadIdType
0000000000022070 0000000000000068 t _hiddbgCleanup
00000000000220e0 00000000000000a0 T hiddbgInitialize
0000000000022180 0000000000000044 T hiddbgExit
00000000000221d0 00000000000000b4 t _nsCleanup
0000000000022290 0000000000000290 T nsInitialize
0000000000022520 0000000000000044 T nsExit
0000000000022570 00000000000000cc t _nvSetClientPID
0000000000022640 00000000000000d0 t _nvCleanup
0000000000022710 00000000000000d4 t _nvCmdInitialize.constprop.0
00000000000227f0 000000000000023c T nvInitialize
0000000000022a30 0000000000000044 T nvExit
0000000000022a80 0000000000000140 T nvConvertError
0000000000022bc0 0000000000000114 T nvOpen
0000000000022ce0 0000000000000250 T nvIoctl
0000000000022f30 00000000000002c0 T nvIoctl2
00000000000231f0 00000000000000d8 T nvClose
00000000000232d0 0000000000000108 T nvQueryEvent
00000000000233e0 0000000000000078 t _plCleanup
0000000000023460 00000000000000d4 t _plCmdInU32OutU32.constprop.0
0000000000023540 00000000000000c0 t _plCmdInU32NoOut.constprop.0
0000000000023600 0000000000000084 t _plRequestLoadWait
0000000000023690 00000000000000cc t _plCmdGetHandle.constprop.0
0000000000023760 000000000000010c T plInitialize
0000000000023870 0000000000000044 T plExit
00000000000238c0 000000000000000c T plGetSharedmemAddr
00000000000238d0 00000000000000b0 T plGetSharedFontByType
0000000000023980 00000000000000d0 t _smCmdInPid
0000000000023a50 0000000000000068 t _smCleanup
0000000000023ac0 0000000000000048 T smAddOverrideHandle
0000000000023b10 0000000000000054 T smGetServiceOverride
0000000000023b70 0000000000000044 T smExit
0000000000023bc0 00000000000000d0 T smGetServiceOriginal
0000000000023c90 00000000000001e0 T smInitialize
0000000000023e70 0000000000000120 T smGetServiceWrapper
0000000000023f90 0000000000000068 t _splCleanup
0000000000024000 0000000000000098 T splInitialize
00000000000240a0 0000000000000044 T splExit
00000000000240f0 0000000000000154 T splGetConfig
0000000000024250 0000000000000068 t _spsmCleanup
00000000000242c0 0000000000000098 T spsmInitialize
0000000000024360 0000000000000044 T spsmExit
00000000000243b0 0000000000000044 T nvAddressSpaceClose
0000000000024400 0000000000000088 T nvAddressSpaceCreate
0000000000024490 000000000000002c T nvAddressSpaceAlloc
00000000000244c0 0000000000000028 T nvAddressSpaceFree
00000000000244f0 000000000000004c T nvAddressSpaceMap
0000000000024540 0000000000000064 T nvAddressSpaceMapFixed
00000000000245b0 0000000000000070 T nvAddressSpaceModify
0000000000024620 0000000000000008 T nvAddressSpaceUnmap
0000000000024630 000000000000007c t _nvFenceCleanup
00000000000246b0 0000000000000098 T nvFenceInit
0000000000024750 0000000000000044 T nvFenceExit
00000000000247a0 0000000000000250 T nvFenceWait
00000000000249f0 0000000000000074 T nvMultiFenceWait
0000000000024a70 000000000000011c T nvGpuInit
0000000000024b90 000000000000006c T nvGpuExit
0000000000024c00 000000000000000c T nvGpuGetCharacteristics
0000000000024c10 000000000000000c T nvGpuGetZcullCtxSize
0000000000024c20 000000000000000c T nvGpuGetZcullInfo
0000000000024c30 0000000000000064 T nvGpuChannelClose
0000000000024ca0 000000000000011c T nvGpuChannelCreate
0000000000024dc0 000000000000000c T nvGpuChannelZcullBind
0000000000024dd0 00000000000000f8 T nvGpuChannelKickoff
0000000000024ed0 00000000000000b8 T nvGpuChannelAppendEntry
0000000000024f90 0000000000000044 T nvGpuChannelGetErrorNotification
0000000000024fe0 0000000000000008 T nvGpuChannelGetErrorInfo
0000000000024ff0 00000000000000b4 T nvMapInit
00000000000250b0 000000000000006c T nvMapExit
0000000000025120 000000000000000c T nvMapGetFd
0000000000025130 0000000000000080 T nvMapClose
00000000000251b0 0000000000000160 T nvMapCreate
0000000000025310 0000000000000028 T nvioctlChannel_SetNvmapFd
0000000000025340 00000000000000c4 T nvioctlChannel_SubmitGpfifo
0000000000025410 000000000000005c T nvioctlChannel_KickoffPb
0000000000025470 0000000000000058 T nvioctlChannel_AllocObjCtx
00000000000254d0 0000000000000030 T nvioctlChannel_ZCullBind
0000000000025500 0000000000000030 T nvioctlChannel_SetErrorNotifier
0000000000025530 0000000000000010 T nvioctlChannel_GetErrorInfo
0000000000025540 0000000000000010 T nvioctlChannel_GetErrorNotification
0000000000025550 0000000000000028 T nvioctlChannel_SetPriority
0000000000025580 0000000000000058 T nvioctlChannel_AllocGpfifoEx2
00000000000255e0 0000000000000028 T nvioctlNvhostAsGpu_BindChannel
0000000000025610 0000000000000054 T nvioctlNvhostAsGpu_AllocSpace
0000000000025670 0000000000000030 T nvioctlNvhostAsGpu_FreeSpace
00000000000256a0 0000000000000054 T nvioctlNvhostAsGpu_MapBufferEx
0000000000025700 0000000000000028 T nvioctlNvhostAsGpu_UnmapBuffer
0000000000025730 000000000000003c T nvioctlNvhostAsGpu_InitializeEx
0000000000025770 0000000000000028 T nvioctlNvhostCtrl_EventSignal
00000000000257a0 0000000000000044 T nvioctlNvhostCtrl_EventWait
00000000000257f0 0000000000000030 T nvioctlNvhostCtrl_EventWaitAsync
0000000000025820 0000000000000028 T nvioctlNvhostCtrl_EventRegister
0000000000025850 0000000000000028 T nvioctlNvhostCtrl_EventUnregister
0000000000025880 000000000000003c T nvioctlNvhostCtrlGpu_ZCullGetCtxSize
00000000000258c0 0000000000000058 T nvioctlNvhostCtrlGpu_ZCullGetInfo
0000000000025920 000000000000009c T nvioctlNvhostCtrlGpu_GetCharacteristics
00000000000259c0 0000000000000078 T nvioctlNvhostCtrlGpu_GetTpcMasks
0000000000025a40 0000000000000040 T nvioctlNvmap_Create
0000000000025a80 0000000000000040 T nvioctlNvmap_Alloc
0000000000025ac0 0000000000000030 T nvioctlNvmap_Free
0000000000025af0 0000000000000040 T nvioctlNvmap_GetId
0000000000025b30 000000000000000c T nwindowGetDefault
0000000000025b40 00000000000000c0 T __nx_win_init
0000000000025c00 0000000000000034 T __nx_win_exit
0000000000025c40 0000000000000024 T nwindowIsValid
0000000000025c70 000000000000008c T nwindowClose
0000000000025d00 00000000000000f8 T nwindowCreate
0000000000025e00 0000000000000034 T nwindowCreateFromLayer
0000000000025e40 0000000000000088 T nwindowSetDimensions
0000000000025ed0 0000000000000058 T nwindowSetTransform
0000000000025f30 0000000000000190 T nwindowConfigureBuffer
00000000000260c0 00000000000001e0 T nwindowDequeueBuffer
00000000000262a0 0000000000000144 T nwindowQueueBuffer
00000000000263f0 0000000000000098 T nwindowReleaseBuffers
0000000000026490 000000000000001c W diagAbortWithResult
00000000000264b0 0000000000000224 T envSetup
00000000000266e0 0000000000000020 T envGetMainThreadHandle
0000000000026700 000000000000000c T envIsNso
0000000000026710 0000000000000014 T envHasHeapOverride
0000000000026730 000000000000000c T envGetHeapOverrideAddr
0000000000026740 000000000000000c T envGetHeapOverrideSize
0000000000026750 0000000000000014 T envHasArgv
0000000000026770 000000000000000c T envGetArgv
0000000000026780 000000000000000c T envGetExitFuncPtr
0000000000026790 000000000000000c T envSetExitFuncPtr
00000000000267a0 000000000000000c T envHasRandomSeed
00000000000267b0 0000000000000018 T envGetRandomSeed
00000000000267d0 0000000000000010 T hosversionGet
00000000000267e0 0000000000000010 T hosversionSet
00000000000267f0 000000000000005c t _padUpdateWithCommonState
0000000000026850 000000000000009c T padConfigureInput
00000000000268f0 0000000000000020 T padInitializeWithMask
0000000000026910 0000000000000238 T padUpdate
0000000000026b50 0000000000000014 t fsdev_link
0000000000026b70 0000000000000014 t fsdev_dirreset
0000000000026b90 0000000000000014 t fsdev_chmod
0000000000026bb0 0000000000000018 t error_cmp
0000000000026bd0 0000000000000020 t fsdev_dirclose
0000000000026bf0 000000000000001c t fsdev_close
0000000000026c10 0000000000000080 t fsdev_converttimetoutc
0000000000026c90 00000000000000b8 t fsdevFindDevice.part.0
0000000000026d50 00000000000001e0 t fsdev_fixpath
0000000000026f30 00000000000000a0 t _fsdevUnmountDeviceStruct.part.0
0000000000026fd0 0000000000000014 t fsdev_fchmod
0000000000026ff0 0000000000000108 t fsdev_diropen
0000000000027100 000000000000007c t fsdev_fsync
0000000000027180 0000000000000110 t fsdev_fstat
0000000000027290 0000000000000094 t fsdev_ftruncate
0000000000027330 000000000000020c t fsdev_stat
0000000000027540 0000000000000158 t fsdev_rename
00000000000276a0 000000000000014c t fsdev_chdir
00000000000277f0 00000000000000ac t fsdev_mkdir
00000000000278a0 00000000000000ac t fsdev_rmdir
0000000000027950 00000000000000ac t fsdev_unlink
0000000000027a00 0000000000000104 t fsdev_statvfs
0000000000027b10 000000000000013c t fsdev_write_safe
0000000000027c50 000000000000013c t fsdev_read_safe
0000000000027d90 0000000000000104 t fsdev_read
0000000000027ea0 00000000000001bc t fsdev_dirnext
0000000000028060 0000000000000124 t fsdev_write
0000000000028190 00000000000000e4 t fsdev_seek
0000000000028280 0000000000000244 t fsdev_open
00000000000284d0 0000000000000218 T fsdevMountDevice
00000000000286f0 0000000000000048 T fsdevMountSdmc
0000000000028740 00000000000000cc T __libnx_init_cwd
0000000000028810 0000000000000064 T fsdevUnmountAll
0000000000028880 0000000000000084 T fsdevTranslatePath
0000000000028910 0000000000000008 t romfs_close
0000000000028920 0000000000000080 t romfs_seek
00000000000289a0 000000000000001c t romfs_dirreset
00000000000289c0 0000000000000110 t fillDir
0000000000028ad0 00000000000002bc t romfs_dirnext
0000000000028d90 0000000000000128 t searchForDir
0000000000028ec0 0000000000000164 t _romfs_read_safe
0000000000029030 00000000000000c4 t _romfs_read
0000000000029100 0000000000000084 t romfs_read
0000000000029190 0000000000000078 t romfs_free
0000000000029210 00000000000001fc t navigateToDir.constprop.0
0000000000029410 0000000000000054 t romfs_chdir
0000000000029470 0000000000000084 t romfs_diropen
0000000000029500 0000000000000128 t searchForFile.constprop.0
0000000000029630 00000000000000f4 t romfs_open
0000000000029730 00000000000001c4 t romfs_stat
0000000000029900 0000000000000008 t romfs_dirclose
0000000000029910 0000000000000100 t romfsFindMount
0000000000029a10 0000000000000074 t romfs_fstat
0000000000029a90 00000000000001bc t romfsMountCommon
0000000000029c50 0000000000000068 T romfsMountFromFile
0000000000029cc0 0000000000000070 T romfsMountFromStorage
0000000000029d30 0000000000000038 T romfsMountFromCurrentProcess
0000000000029d70 00000000000001ac T romfsMountSelf
0000000000029f20 00000000000000ac T romfsUnmount
0000000000029fd0 000000000000012c T decode_utf8
000000000002a0fc T armDCacheFlush
000000000002a120 t armDCacheFlush_L0
000000000002a138 T svcSetHeapSize
000000000002a14c T svcSetMemoryAttribute
000000000002a154 T svcUnmapMemory
000000000002a15c T svcQueryMemory
000000000002a170 T svcExitProcess
000000000002a178 T svcSleepThread
000000000002a180 T svcMapSharedMemory
000000000002a188 T svcUnmapSharedMemory
000000000002a190 T svcCreateTransferMemory
000000000002a1a4 T svcCloseHandle
000000000002a1ac T svcResetSignal
000000000002a1b4 T svcWaitSynchronization
000000000002a1c8 T svcArbitrateLock
000000000002a1d0 T svcArbitrateUnlock
000000000002a1d8 T svcWaitProcessWideKeyAtomic
000000000002a1e0 T svcSignalProcessWideKey
000000000002a1e8 T svcConnectToNamedPort
000000000002a1fc T svcSendSyncRequest
000000000002a204 T svcBreak
000000000002a20c T svcReturnFromException
000000000002a214 T svcGetInfo
000000000002a228 T svcUnmapTransferMemory
000000000002a230 T __aarch64_read_tp
000000000002a240 0000000000000424 T randomGet
000000000002a670 0000000000000020 T randomGet64
000000000002a690 0000000000000014 T shmemLoadRemote
000000000002a6b0 0000000000000088 T shmemMap
000000000002a740 0000000000000034 T shmemUnmap
000000000002a780 0000000000000044 T shmemClose
000000000002a7d0 0000000000000188 T sessionmgrCreate
000000000002a960 0000000000000084 T sessionmgrClose
000000000002a9f0 00000000000000b0 T sessionmgrAttachClient
000000000002aaa0 0000000000000074 T sessionmgrDetachClient
000000000002ab20 00000000000000c0 t _apmCleanup
000000000002abe0 00000000000000e0 t _apmCmdGetSession.constprop.0
000000000002acc0 00000000000000a0 T apmInitialize
000000000002ad60 0000000000000044 T apmExit
000000000002adb0 00000000000000c8 T apmSetPerformanceConfiguration
000000000002ae80 0000000000000228 t _timeCleanup
000000000002b0b0 00000000000000c8 t _timeCmdNoInOutU64.constprop.0
000000000002b180 00000000000000e8 t _timeCmdGetSession.constprop.0
000000000002b270 00000000000000cc t _timeGetSharedMemoryNativeHandle.constprop.0
000000000002b340 0000000000000114 t _timeReadClockFromSharedMem
000000000002b460 0000000000000238 T timeInitialize
000000000002b6a0 0000000000000044 T timeExit
000000000002b6f0 0000000000000038 T timeGetServiceSession_SystemClock
000000000002b730 000000000000005c T timeGetCurrentTime
000000000002b790 0000000000000118 T timeToCalendarTimeWithMyRule
000000000002b8b0 0000000000000104 T timeToPosixTimeWithMyRule
000000000002b9c0 00000000000001dc t _viCleanup
000000000002bba0 00000000000000e8 t _viCmdGetSessionNoParams.constprop.0
000000000002bc90 00000000000000e4 t _viCmdGetSession.constprop.0
000000000002bd80 000000000000025c T viInitialize
000000000002bfe0 0000000000000044 T viExit
000000000002c030 000000000000000c T viGetSession_IHOSBinderDriverRelay
000000000002c040 0000000000000120 T viOpenDisplay
000000000002c160 00000000000000f8 T viCloseDisplay
000000000002c260 00000000000000fc T viCloseLayer
000000000002c360 00000000000003c4 T viCreateLayer
000000000002c730 00000000000000d8 T viSetLayerScalingMode
000000000002c810 0000000000000044 T nvChannelClose
000000000002c860 0000000000000070 T nvChannelCreate
000000000002c8d0 0000000000000008 T nvChannelSetPriority
000000000002c8e0 0000000000000018 T binderCreate
000000000002c900 0000000000000390 T binderTransactParcel
000000000002cc90 0000000000000124 T binderConvertErrorCode
000000000002cdc0 0000000000000124 T binderAdjustRefcount
000000000002cef0 0000000000000098 T binderInitSession
000000000002cf90 0000000000000068 T binderClose
000000000002d000 0000000000000158 T binderGetNativeHandle
000000000002d160 00000000000000d8 T bqRequestBuffer
000000000002d240 0000000000000168 T bqDequeueBuffer
000000000002d3b0 00000000000000dc T bqQueueBuffer
000000000002d490 0000000000000094 T bqCancelBuffer
000000000002d530 00000000000000e8 T bqConnect
000000000002d620 000000000000009c T bqDisconnect
000000000002d6c0 0000000000000174 T bqSetPreallocatedBuffer
000000000002d840 0000000000000030 T parcelCreate
000000000002d870 000000000000019c T parcelTransact
000000000002da10 0000000000000088 T parcelWriteData
000000000002daa0 0000000000000098 T parcelReadData
000000000002db40 0000000000000020 T parcelWriteInt32
000000000002db60 0000000000000020 T parcelWriteUInt32
000000000002db80 000000000000007c T parcelWriteString16
000000000002dc00 0000000000000030 T parcelWriteInterfaceToken
000000000002dc30 0000000000000024 T parcelReadInt32
000000000002dc60 0000000000000068 T parcelReadFlattenedObject
000000000002dcd0 000000000000004c T parcelWriteFlattenedObject
000000000002dd20 0000000000000324 T argvSetup
000000000002e050 00000000000000a0 T __nx_dynamic
000000000002e0f0 00000000000000d8 W __libnx_initheap
000000000002e1d0 00000000000000ec W __appInit
000000000002e2c0 0000000000000044 W __appExit
000000000002e310 000000000000002c W __libnx_init
000000000002e340 0000000000000020 W __libnx_exit
000000000002e360 000000000000001c T __syscall_exit
000000000002e380 0000000000000034 T __syscall_getreent
000000000002e3c0 0000000000000004 T __syscall_lock_acquire
000000000002e3d0 0000000000000004 T __syscall_lock_release
000000000002e3e0 0000000000000004 T __syscall_lock_acquire_recursive
000000000002e3f0 0000000000000004 T __syscall_lock_release_recursive
000000000002e400 000000000000001c T __syscall_cond_broadcast
000000000002e420 000000000000003c T __syscall_cond_wait
000000000002e460 0000000000000044 T __syscall_tls_create
000000000002e4b0 0000000000000018 T __syscall_tls_set
000000000002e4d0 0000000000000004 T __syscall_tls_get
000000000002e4e0 0000000000000018 T __syscall_tls_delete
000000000002e500 0000000000000228 T __libnx_init_time
000000000002e730 000000000000008c T __syscall_gettod_r
000000000002e7c0 0000000000000084 T newlibSetup
000000000002e850 00000000000000c4 T nxlinkSetup
000000000002e914 W __libnx_exception_entry
000000000002e9a0 t __libnx_exception_entry_start
000000000002eac8 t __libnx_exception_entry_abort
000000000002eacc t __libnx_exception_entry_end
000000000002ead4 T __libnx_exception_returnentry
000000000002eaf0 0000000000000064 T condvarWaitTimeout
000000000002eb60 00000000000000ac T __libnx_init_thread
000000000002ec10 0000000000000010 T threadTlsGet
000000000002ec20 0000000000000010 T threadTlsSet
000000000002ec30 00000000000000d8 T threadTlsAlloc
000000000002ed10 0000000000000048 T threadTlsFree
000000000002ed60 00000000000000d4 t _setsysGetFirmwareVersionImpl
000000000002ee40 0000000000000068 t _setsysCleanup
000000000002eeb0 00000000000000a0 T setsysInitialize
000000000002ef50 0000000000000044 T setsysExit
000000000002efa0 0000000000000044 T setsysGetFirmwareVersion
000000000002eff0 0000000000000004 T operator delete(void*, unsigned long)
000000000002f000 0000000000000068 T operator new(unsigned long)
000000000002f070 0000000000000004 T operator new[](unsigned long)
000000000002f080 000000000000000c T __cxa_pure_virtual
000000000002f090 000000000000000c W __gnu_cxx::__concurrence_lock_error::what() const
000000000002f0a0 000000000000000c W __gnu_cxx::__concurrence_unlock_error::what() const
000000000002f0b0 0000000000000014 W __gnu_cxx::__concurrence_lock_error::~__concurrence_lock_error()
000000000002f0b0 0000000000000014 W __gnu_cxx::__concurrence_lock_error::~__concurrence_lock_error()
000000000002f0d0 0000000000000014 W __gnu_cxx::__concurrence_unlock_error::~__concurrence_unlock_error()
000000000002f0d0 0000000000000014 W __gnu_cxx::__concurrence_unlock_error::~__concurrence_unlock_error()
000000000002f0f0 0000000000000034 W __gnu_cxx::__concurrence_lock_error::~__concurrence_lock_error()
000000000002f130 0000000000000034 W __gnu_cxx::__concurrence_unlock_error::~__concurrence_unlock_error()
000000000002f170 0000000000000050 T std::_Sp_make_shared_tag::_S_eq(std::type_info const&)
000000000002f1c0 000000000000000c T std::bad_alloc::what() const
000000000002f1d0 0000000000000014 T std::bad_alloc::~bad_alloc()
000000000002f1d0 0000000000000014 T std::bad_alloc::~bad_alloc()
000000000002f1f0 0000000000000028 T std::bad_alloc::~bad_alloc()
000000000002f220 0000000000000004 T operator delete(void*)
000000000002f230 0000000000000158 t (anonymous namespace)::pool::free(void*) [clone .constprop.0]
000000000002f390 00000000000000fc t (anonymous namespace)::pool::allocate(unsigned long) [clone .constprop.0]
000000000002f490 0000000000000064 T __cxa_allocate_exception
000000000002f500 0000000000000040 T __cxa_free_exception
000000000002f540 0000000000000004 T std::exception::~exception()
000000000002f540 0000000000000004 T std::exception::~exception()
000000000002f550 0000000000000014 T std::bad_exception::~bad_exception()
000000000002f550 0000000000000014 T std::bad_exception::~bad_exception()
000000000002f570 000000000000000c T std::bad_exception::what() const
000000000002f580 0000000000000028 T std::bad_exception::~bad_exception()
000000000002f5b0 0000000000000084 t get_adjusted_ptr(std::type_info const*, std::type_info const*, void**)
000000000002f640 0000000000000160 t read_encoded_value_with_base(unsigned char, unsigned long, unsigned char const*, unsigned long*)
000000000002f7a0 0000000000000064 t base_of_encoded_value(unsigned char, _Unwind_Context*)
000000000002f810 0000000000000100 t check_exception_spec(lsda_header_info*, std::type_info const*, void*, long)
000000000002f910 0000000000000100 t parse_lsda_header(_Unwind_Context*, unsigned char const*, lsda_header_info*)
000000000002fa10 000000000000056c T __gxx_personality_v0
000000000002ff80 00000000000000f4 T __cxa_call_unexpected
0000000000030080 000000000000003c T __cxxabiv1::__terminate(void (*)())
00000000000300c0 0000000000000010 T std::get_terminate()
00000000000300d0 0000000000000010 T std::terminate()
00000000000300e0 0000000000000010 T __cxxabiv1::__unexpected(void (*)())
00000000000300f0 0000000000000010 T std::get_unexpected()
0000000000030100 0000000000000010 T std::unexpected()
0000000000030110 0000000000000064 t __gxx_exception_cleanup(_Unwind_Reason_Code, _Unwind_Exception*)
0000000000030180 0000000000000058 T __cxa_init_primary_exception
00000000000301e0 0000000000000060 T __cxa_throw
0000000000030240 0000000000000070 T __cxa_rethrow
00000000000302b0 0000000000000010 T std::get_new_handler()
00000000000302c0 0000000000000014 T __cxxabiv1::__si_class_type_info::~__si_class_type_info()
00000000000302c0 0000000000000014 T __cxxabiv1::__si_class_type_info::~__si_class_type_info()
00000000000302e0 0000000000000028 T __cxxabiv1::__si_class_type_info::~__si_class_type_info()
0000000000030310 000000000000013c T __cxxabiv1::__si_class_type_info::__do_dyncast(long, __cxxabiv1::__class_type_info::__sub_kind, __cxxabiv1::__class_type_info const*, void const*, __cxxabiv1::__class_type_info const*, void const*, __cxxabiv1::__class_type_info::__dyncast_result&) const
0000000000030450 0000000000000080 T __cxxabiv1::__si_class_type_info::__do_find_public_src(long, void const*, __cxxabiv1::__class_type_info const*, void const*) const
00000000000304d0 0000000000000068 T __cxxabiv1::__si_class_type_info::__do_upcast(__cxxabiv1::__class_type_info const*, void const*, __cxxabiv1::__class_type_info::__upcast_result&) const
0000000000030540 0000000000000004 T std::type_info::~type_info()
0000000000030540 0000000000000004 T std::type_info::~type_info()
0000000000030550 0000000000000008 T std::type_info::__is_pointer_p() const
0000000000030550 0000000000000008 T std::type_info::__is_function_p() const
0000000000030560 0000000000000008 T std::logic_error::what() const
0000000000030560 0000000000000008 T std::runtime_error::what() const
0000000000030570 0000000000000070 T std::logic_error::~logic_error()
0000000000030570 0000000000000070 T std::logic_error::~logic_error()
00000000000305e0 0000000000000024 T std::logic_error::~logic_error()
0000000000030610 0000000000000014 T std::length_error::~length_error()
0000000000030610 0000000000000014 T std::length_error::~length_error()
0000000000030630 0000000000000024 T std::length_error::~length_error()
0000000000030660 000000000000004c T std::logic_error::logic_error(char const*)
0000000000030660 000000000000004c T std::logic_error::logic_error(char const*)
00000000000306b0 0000000000000030 T std::length_error::length_error(char const*)
00000000000306b0 0000000000000030 T std::length_error::length_error(char const*)
00000000000306e0 00000000000000a8 W std::string::_Rep::_S_create(unsigned long, unsigned long, std::allocator<char> const&)
0000000000030790 0000000000000004 W std::string::_Rep::_M_destroy(std::allocator<char> const&)
00000000000307a0 00000000000000b8 W char* std::string::_S_construct<char const*>(char const*, char const*, std::allocator<char> const&, std::forward_iterator_tag)
0000000000030860 0000000000000054 W std::basic_string<char, std::char_traits<char>, std::allocator<char> >::basic_string(char const*, std::allocator<char> const&)
0000000000030860 0000000000000054 W std::basic_string<char, std::char_traits<char>, std::allocator<char> >::basic_string(char const*, std::allocator<char> const&)
00000000000308c0 000000000000006c T __cxxabiv1::__class_type_info::__do_upcast(__cxxabiv1::__class_type_info const*, void**) const
0000000000030930 0000000000000010 T __cxxabiv1::__class_type_info::__do_find_public_src(long, void const*, __cxxabiv1::__class_type_info const*, void const*) const
0000000000030940 0000000000000014 T __cxxabiv1::__class_type_info::~__class_type_info()
0000000000030940 0000000000000014 T __cxxabiv1::__class_type_info::~__class_type_info()
0000000000030960 0000000000000028 T __cxxabiv1::__class_type_info::~__class_type_info()
0000000000030990 000000000000006c T __cxxabiv1::__class_type_info::__do_upcast(__cxxabiv1::__class_type_info const*, void const*, __cxxabiv1::__class_type_info::__upcast_result&) const
0000000000030a00 00000000000000ac T __cxxabiv1::__class_type_info::__do_catch(std::type_info const*, void**, unsigned int) const
0000000000030ab0 00000000000000dc T __cxxabiv1::__class_type_info::__do_dyncast(long, __cxxabiv1::__class_type_info::__sub_kind, __cxxabiv1::__class_type_info const*, void const*, __cxxabiv1::__class_type_info const*, void const*, __cxxabiv1::__class_type_info::__dyncast_result&) const
0000000000030b90 0000000000000044 T __cxa_call_terminate
0000000000030be0 000000000000009c T __cxa_begin_catch
0000000000030c80 0000000000000098 T __cxa_end_catch
0000000000030d20 0000000000000044 t eh_globals_dtor(void*)
0000000000030d70 0000000000000034 T __cxa_get_globals_fast
0000000000030db0 0000000000000074 T __cxa_get_globals
0000000000030e30 0000000000000034 t with_errnof
0000000000030e70 0000000000000018 t xflowf
0000000000030e90 0000000000000008 t __math_uflowf
0000000000030ea0 000000000000000c t __math_may_uflowf
0000000000030eb0 0000000000000008 t __math_oflowf
0000000000030ec0 0000000000000020 t __math_divzerof
0000000000030ee0 000000000000001c t __math_invalidf
0000000000030f00 00000000000000a0 T cos
0000000000030fa0 00000000000000e0 T expf
0000000000031080 0000000000000328 T powf
00000000000313b0 0000000000000110 T scalbn
00000000000314c0 0000000000000060 T sqrtf
0000000000031520 0000000000000060 T sqrt
0000000000031580 0000000000000008 T __ieee754_sqrtf
0000000000031590 00000000000002f4 T __ieee754_rem_pio2
0000000000031890 0000000000000008 T __ieee754_sqrt
00000000000318a0 0000000000000130 T __kernel_cos
00000000000319d0 0000000000000820 T __kernel_rem_pio2
00000000000321f0 000000000000009c T __kernel_sin
0000000000032290 0000000000000008 T fabs
00000000000322a0 0000000000000008 T floor
00000000000322b0 0000000000000158 t init_dwarf_reg_size_table
0000000000032410 0000000000000160 t uw_install_context_1
0000000000032570 00000000000001cc t read_encoded_value
0000000000032740 000000000000075c t execute_stack_op
0000000000032ea0 000000000000034c t uw_update_context_1
00000000000331f0 0000000000000108 t uw_update_context
0000000000033300 000000000000082c t execute_cfa_program
0000000000033b30 0000000000000400 t uw_frame_state_for
0000000000033f30 0000000000000230 t uw_init_context_1
0000000000034160 00000000000000e0 t _Unwind_RaiseException_Phase2
0000000000034240 000000000000011c t _Unwind_ForcedUnwind_Phase2
0000000000034360 0000000000000054 t _Unwind_SetGR
00000000000343c0 0000000000000014 t _Unwind_GetIPInfo
00000000000343e0 0000000000000008 t _Unwind_SetIP
00000000000343f0 0000000000000008 t _Unwind_GetLanguageSpecificData
0000000000034400 0000000000000008 t _Unwind_GetRegionStart
0000000000034410 0000000000000008 t _Unwind_GetDataRelBase
0000000000034420 0000000000000008 t _Unwind_GetTextRelBase
0000000000034430 0000000000000004 t _Unwind_DebugHook
0000000000034440 0000000000000174 t _Unwind_RaiseException
00000000000345c0 00000000000000fc t _Unwind_Resume
00000000000346c0 00000000000000f4 t _Unwind_Resume_or_Rethrow
00000000000347c0 000000000000001c t _Unwind_DeleteException
00000000000347e0 0000000000000018 t fde_unencoded_compare
0000000000034800 0000000000000110 t frame_downheap
0000000000034910 00000000000000c4 t frame_heapsort
00000000000349e0 0000000000000160 t read_encoded_value_with_base
0000000000034b40 0000000000000104 t __deregister_frame_info_bases.part.0
0000000000034c50 0000000000000120 t get_cie_encoding
0000000000034d70 00000000000001f4 t classify_object_over_fdes
0000000000034f70 00000000000000bc t fde_single_encoding_compare
0000000000035030 0000000000000118 t fde_mixed_encoding_compare
0000000000035150 000000000000023c t add_fdes
0000000000035390 0000000000000284 t linear_search_fdes
0000000000035620 00000000000006b4 t search_object
0000000000035ce0 0000000000000068 t __register_frame_info
0000000000035d50 0000000000000018 t __deregister_frame_info
0000000000035d70 00000000000001ec t _Unwind_Find_FDE
0000000000035f60 0000000000000018 T abort
0000000000035f80 000000000000003c T aligned_alloc
0000000000035fc0 0000000000000064 T __assert_func
0000000000036030 00000000000000b8 T bsearch
00000000000360f0 000000000000002c T calloc
0000000000036120 0000000000000094 T _calloc_r
00000000000361c0 0000000000000014 T __errno
00000000000361e0 000000000000015c T _fclose_r
0000000000036340 0000000000000024 T fclose
0000000000036370 0000000000000228 T __sflush_r
00000000000365a0 00000000000000b8 T _fflush_r
0000000000036660 0000000000000040 T fflush
00000000000366a0 000000000000000c T _cleanup_r
00000000000366b0 0000000000000060 T __sfmoreglue
0000000000036710 000000000000000c T __sfp_lock_acquire
0000000000036720 000000000000000c T __sfp_lock_release
0000000000036730 000000000000000c T __sinit_lock_acquire
0000000000036740 000000000000000c T __sinit_lock_release
0000000000036750 0000000000000154 T __sinit
00000000000368b0 0000000000000110 T __sfp
00000000000369c0 0000000000000044 T __libc_fini_array
0000000000036a10 0000000000000094 T fiprintf
0000000000036ab0 0000000000000130 T _fopen_r
0000000000036be0 000000000000002c T fopen
0000000000036c10 0000000000000300 T _fread_r
0000000000036f10 0000000000000044 T fread
0000000000036f60 0000000000000118 T _malloc_trim_r
0000000000037080 00000000000002f0 T _free_r
0000000000037370 0000000000000004 T _fseek_r
0000000000037380 0000000000000454 T _fseeko_r
00000000000377e0 0000000000000164 T _ftello_r
0000000000037950 0000000000000098 T _fwalk
00000000000379f0 00000000000000a4 T _fwalk_reent
0000000000037aa0 000000000000002c T gmtime
0000000000037ad0 000000000000029c T gmtime_r
0000000000037d70 000000000000008c T __libc_init_array
0000000000037e00 00000000000000a4 T __swhatbuf_r
0000000000037eb0 000000000000010c T __smakebuf_r
0000000000037fc0 000000000000002c T memalign
0000000000037ff0 00000000000001a0 T _memalign_r
0000000000038190 0000000000000024 T malloc
00000000000381c0 0000000000000024 T free
00000000000381f0 0000000000000878 T _malloc_r
0000000000038a68 00000000000000d8 T memchr
0000000000038b40 0000000000000110 T memcmp
0000000000038c80 000000000000016c T memcpy
0000000000038e00 00000000000000ac T memmove
0000000000038ec0 00000000000001dc T memset
00000000000390a0 000000000000000c T __malloc_lock
00000000000390b0 000000000000000c T __malloc_unlock
00000000000390c0 000000000000002c T realloc
00000000000390f0 000000000000055c T _realloc_r
0000000000039650 0000000000000020 t lflush
0000000000039670 00000000000001d0 T __srefill_r
0000000000039840 0000000000000034 T _rewind_r
0000000000039880 0000000000000024 T rewind
00000000000398b0 000000000000003c T setenv
00000000000398f0 0000000000000268 T _setenv_r
0000000000039b60 00000000000000b4 T _raise_r
0000000000039c20 0000000000000024 T raise
0000000000039c50 0000000000000164 T snprintf
0000000000039dc0 00000000000000b0 T sprintf
0000000000039e70 0000000000000050 T __sread
0000000000039ec0 000000000000006c T __swrite
0000000000039f30 0000000000000050 T __sseek
0000000000039f80 0000000000000008 T __sclose
0000000000039f90 0000000000000074 T strcat
000000000003a004 00000000000000dc T strchr
000000000003a100 00000000000000e4 T strcmp
000000000003a200 00000000000001b8 T strcpy
000000000003a3c0 0000000000000140 T strlen
000000000003a500 000000000000007c T strncat
000000000003a59c 00000000000001b8 T strncmp
000000000003a760 000000000000009c T strncpy
000000000003a824 00000000000000e0 T strnlen
000000000003a8e0 00000000000001a4 t _strtoul_l.constprop.0
000000000003aa90 0000000000000048 T strtoul
000000000003aad8 0000000000000780 t get_arg
000000000003b258 0000000000003c08 T _svfprintf_r
000000000003ee60 0000000000000040 T time
000000000003eea0 0000000000000780 t get_arg
000000000003f620 000000000000003c T __sprint_r
000000000003f65c 0000000000002988 T _vfiprintf_r
0000000000041fe4 00000000000000f8 t __sbprintf
00000000000420e0 00000000000000d8 T _wcrtomb_r
00000000000421c0 0000000000000010 T _wcsrtombs_r
00000000000421d0 0000000000000140 T __swsetup_r
0000000000042310 000000000000012c T __call_exitprocs
0000000000042440 000000000000019c t quorem
00000000000425e0 00000000000011a0 T _dtoa_r
0000000000043780 000000000000000c T __env_lock
0000000000043790 000000000000000c T __env_unlock
00000000000437a0 00000000000000ac T __sflags
0000000000043850 00000000000004bc T __sfvwrite_r
0000000000043d10 0000000000000100 T _findenv_r
0000000000043e10 0000000000000008 T __localeconv_l
0000000000043e20 0000000000000028 T _localeconv_r
0000000000043e50 000000000000002c T __locale_mb_cur_max
0000000000043e80 00000000000002c8 T __utf8_mbtowc
0000000000044150 000000000000008c T _Balloc
00000000000441e0 000000000000001c T _Bfree
0000000000044200 0000000000000108 T __multadd
0000000000044310 000000000000005c T __hi0bits
0000000000044370 000000000000009c T __lo0bits
0000000000044410 000000000000004c T __i2b
0000000000044460 00000000000001e8 T __multiply
0000000000044650 0000000000000100 T __pow5mult
0000000000044750 0000000000000170 T __lshift
00000000000448c0 0000000000000050 T __mcmp
0000000000044910 00000000000001b8 T __mdiff
0000000000044ad0 0000000000000154 T __d2b
0000000000044c30 000000000000007c T frexp
0000000000044cac 00000000000001c0 T __ssprint_r
0000000000044e70 00000000000001d8 T _wcsnrtombs_l
0000000000045050 0000000000000074 T _wcsnrtombs_r
00000000000450d0 00000000000000e4 T __utf8_wctomb
00000000000451c0 0000000000000008 t null_write
00000000000451d0 0000000000000018 T setDefaultDevice
00000000000451f0 0000000000000108 T FindDevice
0000000000045300 0000000000000034 T RemoveDevice
0000000000045340 00000000000000dc T AddDevice
0000000000045420 0000000000000034 T GetDeviceOpTab
0000000000045460 00000000000000a8 T _close_r
0000000000045510 0000000000000084 T _fstat_r
00000000000455a0 0000000000000014 T _getpid_r
00000000000455c0 0000000000000024 T _gettimeofday_r
00000000000455f0 0000000000000008 T _isatty_r
0000000000045600 0000000000000014 T _kill_r
0000000000045620 0000000000000098 T _lseek_r
00000000000456c0 00000000000000e0 T _open_r
00000000000457a0 00000000000000a4 T _read_r
0000000000045850 0000000000000078 T _sbrk_r
00000000000458d0 00000000000000a4 T _write_r
0000000000045980 0000000000000020 T _exit
00000000000459a0 0000000000000228 T _concatenate_path
0000000000045bd0 0000000000000178 T chdir
0000000000045d50 0000000000000014 T __libc_lock_acquire
0000000000045d70 0000000000000014 T __libc_lock_release
0000000000045d90 000000000000000c T __libc_lock_init_recursive
0000000000045da0 0000000000000014 T __libc_lock_acquire_recursive
0000000000045dc0 0000000000000014 T __libc_lock_release_recursive
0000000000045de0 0000000000000004 T __libc_lock_close_recursive
0000000000045df0 0000000000000018 T __libc_cond_broadcast
0000000000045e10 0000000000000018 T __libc_cond_wait
0000000000045e30 0000000000000040 T __free_handle
0000000000045e70 0000000000000058 T __release_handle
0000000000045ed0 00000000000000c0 T __alloc_handle
0000000000045f90 0000000000000020 T __get_handle
0000000000045fb0 0000000000000020 T __getreent
0000000000045fd0 0000000000000070 T pthread_mutex_lock
0000000000046040 0000000000000070 T pthread_mutex_unlock
00000000000460b0 00000000000000dc T pthread_once
0000000000046190 0000000000000024 T pthread_key_create
00000000000461c0 0000000000000018 T pthread_setspecific
00000000000461e0 0000000000000018 T pthread_getspecific
0000000000046200 0000000000000018 T pthread_key_delete
0000000000046220 0000000000000310 t __trunctfdf2
0000000000046530 0000000000000070 t __sfp_handle_exceptions
00000000000465a0 0000000000000100 T strrchr
00000000000466a0 T _fini
0000000000047000 R __rodata_start
00000000000479d8 0000000000000010 V std::_Sp_make_shared_tag::_S_ti()::__tag
0000000000048698 0000000000000015 r __func__.30
00000000000486b0 0000000000000015 r __func__.25
00000000000486c8 0000000000000013 r __func__.19
00000000000486e0 0000000000000013 r __func__.18
00000000000486f8 0000000000000015 r __func__.7
0000000000048710 0000000000000010 r __func__.36
0000000000048720 000000000000000f r __func__.32
0000000000048730 0000000000000010 r __func__.5
0000000000048740 000000000000001f r __func__.0
0000000000048760 000000000000001b r __func__.21
0000000000048780 000000000000001b r __func__.10
00000000000487a0 0000000000000005 r first_row_filter
00000000000487a8 0000000000000009 r stbi__depth_scale_table
00000000000487b8 0000000000000015 r __func__.33
00000000000487d0 0000000000000015 r __func__.37
00000000000487e8 0000000000000044 r stbi__bmask
0000000000048830 0000000000000017 r __func__.14
0000000000048848 0000000000000015 r __func__.13
0000000000048860 0000000000000040 r stbi__jbias
00000000000488a0 000000000000004f r stbi__jpeg_dezigzag
00000000000488f0 0000000000000013 r length_dezigzag.2
0000000000048908 000000000000001f r __func__.4
0000000000048928 000000000000007c r stbi__zlength_base
00000000000489a8 000000000000007c r stbi__zlength_extra
0000000000048a28 0000000000000080 r stbi__zdist_base
0000000000048aa8 0000000000000080 r stbi__zdist_extra
0000000000048b28 000000000000000f r __func__.31
0000000000048b38 0000000000000017 r __func__.28
0000000000048b50 0000000000000017 r __func__.29
0000000000048b68 000000000000001e r __func__.24
0000000000048b88 0000000000000012 r __func__.23
0000000000048ba0 000000000000001d r __func__.22
0000000000048bc0 0000000000000015 r __func__.38
0000000000048bd8 0000000000000018 r __func__.26
0000000000048bf0 000000000000001f r __func__.27
0000000000048c10 000000000000001a r __func__.20
0000000000048c30 0000000000000012 r __func__.17
0000000000048c48 000000000000001e r __func__.16
0000000000048c68 000000000000016c r utf8d.15
0000000000048dd8 0000000000000008 r png_sig.12
0000000000048e60 000000000000001b r __func__.9
0000000000048e80 0000000000000010 r __func__.8
0000000000048e90 000000000000000f r __func__.6
0000000000048ec0 0000000000000090 r (anonymous namespace)::formatTable
0000000000048f50 0000000000000014 r CSWTCH.6
0000000000048f68 000000000000000c r CSWTCH.6
0000000000048f78 000000000000000c r CSWTCH.7
0000000000048f88 0000000000000a28 R maxwell::formatTraits
00000000000499e0 000000000000000c r CSWTCH.43
00000000000499f0 0000000000000004 r dkCmdBufBindRasterizerState::frontFaces
00000000000499f8 0000000000000008 r dkCmdBufBindRasterizerState::polygonModes
0000000000049a00 0000000000000006 r dkCmdBufBindRasterizerState::cullModes
0000000000049a20 000000000000000c r CSWTCH.12
0000000000049a30 000000000000000b r dkImageDescriptorInitialize::dkTypeToMaxwell
0000000000049a40 0000000000000010 r (anonymous namespace)::anisoTable
0000000000049a50 0000000000000080 r (anonymous namespace)::lodSnapTable
0000000000049ad0 0000000000000014 r CSWTCH.560
0000000000049ba8 0000000000000020 r error_table
0000000000049bd0 0000000000000023 r g_bq_InterfaceDescriptor
0000000000049c68 0000000000000027 V typeinfo name for __gnu_cxx::__concurrence_lock_error
0000000000049c90 0000000000000029 V typeinfo name for __gnu_cxx::__concurrence_unlock_error
0000000000049cc0 0000000000000018 V typeinfo name for std::_Sp_make_shared_tag
0000000000049ce8 000000000000000d V typeinfo name for std::bad_alloc
0000000000049d10 000000000000000d V typeinfo name for std::exception
0000000000049d20 0000000000000012 V typeinfo name for std::bad_exception
0000000000049d38 0000000000000020 V typeinfo name for __cxxabiv1::__forced_unwind
0000000000049d58 0000000000000024 V typeinfo name for __cxxabiv1::__foreign_exception
0000000000049d80 0000000000000025 V typeinfo name for __cxxabiv1::__si_class_type_info
0000000000049da8 000000000000000d V typeinfo name for std::type_info
0000000000049db8 0000000000000010 V typeinfo name for std::logic_error
0000000000049dc8 0000000000000011 V typeinfo name for std::length_error
0000000000049e28 0000000000000022 V typeinfo name for __cxxabiv1::__class_type_info
0000000000049ea8 0000000000000080 r npio2_hw
0000000000049f28 0000000000000108 r two_over_pi
000000000004a068 0000000000000040 r PIo2
000000000004a0a8 0000000000000010 r init_jk
000000000004a0f0 0000000000000148 R __exp2f_data
000000000004a238 0000000000000128 R __powf_log2_data
000000000004a5d0 0000000000000008 r terminator.1
000000000004a618 0000000000000101 R _ctype_
000000000004a8b0 0000000000000010 r blanks.1
000000000004a8c0 0000000000000010 r zeroes.0
000000000004aa20 0000000000000010 r blanks.1
000000000004aa30 0000000000000010 r zeroes.0
000000000004ab68 0000000000000028 R __mprec_bigtens
000000000004ab90 00000000000000c8 R __mprec_tens
000000000004ac58 000000000000000c r p05.0
000000000004ac68 000000000000006c R __action_table
000000000004acd8 0000000000000100 R __chclass
000000000004add8 000000000000006c R __state_table
000000000004ae48 r __EH_FRAME_BEGIN__
000000000004ae48 R __eh_frame_hdr_end
000000000004ae48 R __eh_frame_hdr_start
00000000000573bc r __FRAME_END__
00000000000574a8 a _DYNAMIC
000000000005b000 R __data_start
000000000005b000 t __frame_dummy_init_array_entry
000000000005b000 T __init_array_start
000000000005b000 B __preinit_array_end
000000000005b000 B __preinit_array_start
000000000005b000 D __tdata_lma
000000000005b000 D __tdata_lma_end
000000000005b018 t __do_global_dtors_aux_fini_array_entry
000000000005b018 T __fini_array_start
000000000005b018 T __init_array_end
000000000005b030 T __fini_array_end
000000000005b030 T __got_start__
000000000005b030 a _GLOBAL_OFFSET_TABLE_
000000000005b3c0 D __got_end__
000000000005b3c0 0000000000000028 V vtable for Breeze
000000000005b3e8 0000000000000004 d dbk::(anonymous namespace)::g_prev_touch_count
000000000005b3f0 0000000000000020 V vtable for dbk::Menu
000000000005b410 0000000000000020 V vtable for dbk::AlertMenu
000000000005b430 0000000000000020 V vtable for dbk::ErrorMenu
000000000005b450 0000000000000020 V vtable for dbk::MessageMenu
000000000005b470 0000000000000020 V vtable for dbk::WarningMenu
000000000005b490 0000000000000020 V vtable for dbk::MainMenu
000000000005b4b0 0000000000000020 V vtable for dbk::CheatMenu
000000000005b4d0 0000000000000038 V vtable for std::_Sp_counted_ptr_inplace<dbk::CheatMenu, std::allocator<dbk::CheatMenu>, (__gnu_cxx::_Lock_policy)2>
000000000005b508 0000000000000038 V vtable for std::_Sp_counted_ptr_inplace<dbk::ErrorMenu, std::allocator<dbk::ErrorMenu>, (__gnu_cxx::_Lock_policy)2>
000000000005b540 0000000000000038 V vtable for std::_Sp_counted_ptr_inplace<dbk::WarningMenu, std::allocator<dbk::WarningMenu>, (__gnu_cxx::_Lock_policy)2>
000000000005b578 0000000000000038 V vtable for std::_Sp_counted_ptr_inplace<dbk::MessageMenu, std::allocator<dbk::MessageMenu>, (__gnu_cxx::_Lock_policy)2>
000000000005b5b0 0000000000000038 V vtable for std::_Sp_counted_ptr_inplace<dbk::MainMenu, std::allocator<dbk::MainMenu>, (__gnu_cxx::_Lock_policy)2>
000000000005b5e8 0000000000000008 d nvg::(anonymous namespace)::VertexAttribState
000000000005b5f0 0000000000000008 d nvg::(anonymous namespace)::VertexBufferState
000000000005b5f8 0000000000000038 V vtable for std::_Sp_counted_ptr_inplace<nvg::Texture, std::allocator<nvg::Texture>, (__gnu_cxx::_Lock_policy)2>
000000000005b630 0000000000000028 V vtable for CApplication
000000000005b658 0000000000000001 V __nx_applet_auto_notifyrunning
000000000005b65c 0000000000000004 V __nx_applet_type
000000000005b660 0000000000000004 V __nx_fs_num_sessions
000000000005b668 0000000000000030 d servarray.0
000000000005b698 0000000000000004 V __nx_nv_transfermem_size
000000000005b69c 0000000000000004 d g_ctrl_fd
000000000005b6a0 0000000000000004 d g_ctrlgpu_fd
000000000005b6a4 0000000000000004 d g_nvmap_fd
000000000005b6a8 0000000000000004 V __nx_fsdev_direntry_cache_size
000000000005b6ac 0000000000000001 V __nx_fsdev_support_cwd
000000000005b6b0 00000000000000e0 d fsdev_devoptab
000000000005b790 00000000000000e0 d romFS_devoptab
000000000005b870 0000000000000004 V __nx_vi_stray_layer_flags
000000000005b874 0000000000000004 d g_viServiceType
000000000005b878 0000000000000008 V __nx_exception_stack_size
000000000005b880 0000000000000008 V DW.ref.__gxx_personality_v0
000000000005b888 0000000000000018 V typeinfo for __gnu_cxx::__concurrence_lock_error
000000000005b8a0 0000000000000018 V typeinfo for __gnu_cxx::__concurrence_unlock_error
000000000005b8b8 0000000000000028 V vtable for __gnu_cxx::__concurrence_lock_error
000000000005b8e0 0000000000000028 V vtable for __gnu_cxx::__concurrence_unlock_error
000000000005b908 0000000000000018 V typeinfo for std::bad_alloc
000000000005b920 0000000000000028 V vtable for std::bad_alloc
000000000005b948 0000000000000010 V typeinfo for std::exception
000000000005b958 0000000000000018 V typeinfo for std::bad_exception
000000000005b970 0000000000000010 V typeinfo for __cxxabiv1::__forced_unwind
000000000005b980 0000000000000010 V typeinfo for __cxxabiv1::__foreign_exception
000000000005b990 0000000000000028 V vtable for std::bad_exception
000000000005b9b8 0000000000000008 D __cxxabiv1::__unexpected_handler
000000000005b9c0 0000000000000018 V typeinfo for __cxxabiv1::__si_class_type_info
000000000005b9d8 0000000000000058 V vtable for __cxxabiv1::__si_class_type_info
000000000005ba30 0000000000000010 V typeinfo for std::type_info
000000000005ba40 0000000000000018 V typeinfo for std::logic_error
000000000005ba58 0000000000000018 V typeinfo for std::length_error
000000000005ba70 0000000000000028 V vtable for std::logic_error
000000000005ba98 0000000000000028 V vtable for std::length_error
000000000005bac0 0000000000000018 V typeinfo for __cxxabiv1::__class_type_info
000000000005bad8 0000000000000058 V vtable for __cxxabiv1::__class_type_info
000000000005bb30 0000000000000008 D __cxxabiv1::__terminate_handler
000000000005bb38 0000000000000004 D __fdlib_version
000000000005bb40 0000000000000008 D _impure_ptr
000000000005bb48 0000000000000768 d impure_data
000000000005c2b0 0000000000000008 D _global_impure_ptr
000000000005c2b8 0000000000000008 D __malloc_sbrk_base
000000000005c2c0 0000000000000008 D __malloc_trim_threshold
000000000005c2c8 0000000000000810 D __malloc_av_
000000000005cad8 0000000000000008 D environ
000000000005cae0 00000000000001a8 D __global_locale
000000000005cc88 0000000000000004 d defaultDevice
000000000005cc90 0000000000000080 D devoptab_list
000000000005cd10 00000000000000e0 D dotab_stdnull
000000000005cdf0 0000000000000400 d _current_working_directory
000000000005d1f0 0000000000000010 d __stderr_handle
000000000005d200 0000000000000010 d __stdin_handle
000000000005d210 0000000000000010 d __stdout_handle
000000000005d220 0000000000002000 d handles
000000000005f220 D __bss_start__
000000000005f220 b completed.1
000000000005f228 b object.0
000000000005f258 0000000000000004 b dbk::(anonymous namespace)::g_screen_width
000000000005f25c 0000000000000004 b dbk::(anonymous namespace)::g_screen_height
000000000005f260 0000000000000038 b dbk::(anonymous namespace)::g_pad
000000000005f298 0000000000000290 b dbk::(anonymous namespace)::g_start_touch
000000000005f528 0000000000000001 b dbk::(anonymous namespace)::g_started_touching
000000000005f529 0000000000000001 b dbk::(anonymous namespace)::g_tapping
000000000005f52a 0000000000000001 b dbk::(anonymous namespace)::g_finished_touching
000000000005f52b 0000000000000001 b dbk::(anonymous namespace)::g_touches_moving
000000000005f530 0000000000000010 b dbk::(anonymous namespace)::g_current_menu
000000000005f540 0000000000000001 b dbk::(anonymous namespace)::g_exit_requested
000000000005f548 0000000000000301 b dbk::(anonymous namespace)::g_update_path
000000000005f849 0000000000000001 b dbk::(anonymous namespace)::g_exfat_supported
000000000005f84a 0000000000000001 b dbk::(anonymous namespace)::g_use_exfat
000000000005f84b 0000000000000001 b dbk::(anonymous namespace)::g_reset_to_factory
000000000005f84c 0000000000000001 b dbk::(anonymous namespace)::g_initialized
000000000005f850 0000000000000010 b g_amssuSrv
000000000005f860 0000000000000028 b g_tmem
000000000005f888 0000000000000008 b g_amssuGuard
000000000005f890 0000000000000010 b g_dmntchtSrv
000000000005f8a0 0000000000000008 b g_dmntchtGuard
000000000005f8a8 0000000000000004 b (anonymous namespace)::programId
000000000005f8b0 0000000000000010 b g_AliasRegion
000000000005f8c0 0000000000000010 b g_AslrRegion
000000000005f8d0 0000000000000010 b g_HeapRegion
000000000005f8e0 0000000000000001 b g_IsLegacyKernel
000000000005f8e8 0000000000000008 b g_Reservations
000000000005f8f0 0000000000000010 b g_StackRegion
000000000005f900 0000000000000004 b g_VirtmemMutex
000000000005f908 0000000000000080 V __nx_applet_AppletAttribute
000000000005f988 0000000000000008 V __nx_applet_PerformanceConfiguration
000000000005f990 0000000000000004 V __nx_applet_exit_mode
000000000005f994 0000000000000001 b g_appletCopyrightInitialized
000000000005f998 0000000000000028 b g_appletCopyrightTmem
000000000005f9c0 0000000000000004 b g_appletCpuBoostMode
000000000005f9c4 0000000000000001 b g_appletExitProcessFlag
000000000005f9c8 0000000000000004 b g_appletExitProcessResult
000000000005f9d0 0000000000000018 b g_appletFirstHook
000000000005f9e8 0000000000000001 b g_appletFocusState
000000000005f9f0 0000000000000008 b g_appletGuard
000000000005f9f8 0000000000000010 b g_appletIAppletCommonFunctions
000000000005fa08 0000000000000010 b g_appletIApplicationCreator
000000000005fa18 0000000000000010 b g_appletIAudioController
000000000005fa28 0000000000000010 b g_appletICommonStateGetter
000000000005fa38 0000000000000010 b g_appletIDebugFunctions
000000000005fa48 0000000000000010 b g_appletIDisplayController
000000000005fa58 0000000000000010 b g_appletIFunctions
000000000005fa68 0000000000000010 b g_appletIGlobalStateController
000000000005fa78 0000000000000010 b g_appletILibraryAppletCreator
000000000005fa88 0000000000000010 b g_appletILibraryAppletSelfAccessor
000000000005fa98 0000000000000010 b g_appletIProcessWindingController
000000000005faa8 0000000000000010 b g_appletISelfController
000000000005fab8 0000000000000010 b g_appletIWindowController
000000000005fac8 0000000000000050 b g_appletInfo
000000000005fb18 0000000000000001 b g_appletInfoInitialized
000000000005fb20 0000000000000008 b g_appletInitTickBase
000000000005fb28 0000000000000001 b g_appletLeftInitialized
000000000005fb30 000000000000000c b g_appletLibraryAppletLaunchableEvent
000000000005fb40 000000000000000c b g_appletMessageEvent
000000000005fb4c 0000000000000001 b g_appletNotifiedRunning
000000000005fb4d 0000000000000001 b g_appletOperationMode
000000000005fb50 0000000000000004 b g_appletPerformanceMode
000000000005fb58 0000000000000010 b g_appletProxySession
000000000005fb68 0000000000000004 b g_appletRecordingInitialized
000000000005fb70 0000000000000028 b g_appletRecordingTmem
000000000005fb98 0000000000000008 b g_appletResourceUserId
000000000005fba0 0000000000000010 b g_appletSrv
000000000005fbb0 0000000000000008 b g_appletSuspendedTick
000000000005fbb8 000000000000000c b g_appletSuspendedTickEvent
000000000005fbc4 0000000000000001 b g_appletSuspendedTickInitialized
000000000005fbc8 0000000000000008 b g_fsGuard
000000000005fbd0 0000000000000054 b g_fsSessionMgr
000000000005fc28 0000000000000010 b g_fsSrv
000000000005fc38 0000000000000008 b g_hidGuard
000000000005fc40 0000000000000010 b g_hidIActiveVibrationDeviceList
000000000005fc50 0000000000000010 b g_hidIAppletResource
000000000005fc60 0000000000000020 b g_hidSharedmem
000000000005fc80 0000000000000010 b g_hidSrv
000000000005fc90 0000000000000001 b g_scanInputInitialized
000000000005fc98 0000000000000008 b g_sevenSixAxisSensorBuffer
000000000005fca0 0000000000000008 b g_hiddbgGuard
000000000005fca8 0000000000000010 b g_hiddbgSrv
000000000005fcb8 0000000000000010 b g_nsAppManSrv
000000000005fcc8 0000000000000010 b g_nsGetterSrv
000000000005fcd8 0000000000000008 b g_nsGuard
000000000005fce0 0000000000000008 b g_nvGuard
000000000005fce8 0000000000000010 b g_nvSrv
000000000005fcf8 0000000000000010 b g_nvSrvClone
000000000005fd08 0000000000000028 b g_nvTransfermem
000000000005fd30 0000000000000008 b g_plGuard
000000000005fd38 0000000000000020 b g_plSharedmem
000000000005fd58 0000000000000010 b g_plSrv
000000000005fd68 0000000000000008 b g_smGuard
000000000005fd70 0000000000000180 b g_smOverrides
000000000005fef0 0000000000000008 b g_smOverridesNum
000000000005fef8 0000000000000010 b g_smSrv
000000000005ff08 0000000000000010 b g_splCryptoSrv
000000000005ff18 0000000000000010 b g_splEsSrv
000000000005ff28 0000000000000010 b g_splFsSrv
000000000005ff38 0000000000000008 b g_splGuard
000000000005ff40 0000000000000010 b g_splManuSrv
000000000005ff50 0000000000000010 b g_splSrv
000000000005ff60 0000000000000010 b g_splSslSrv
000000000005ff70 0000000000000008 b g_spsmGuard
000000000005ff78 0000000000000010 b g_spsmSrv
000000000005ff88 0000000000000008 b g_NvEventUsedMask
000000000005ff90 0000000000000300 b g_NvEvents
0000000000060290 0000000000000008 b g_nvFenceGuard
0000000000060298 00000000000000a0 b g_gpu_characteristics
0000000000060338 0000000000000008 b g_nvGpuGuard
0000000000060340 0000000000000004 b g_tpc_masks
0000000000060344 0000000000000004 b g_zcull_ctx_size
0000000000060348 0000000000000028 b g_zcull_info
0000000000060370 0000000000000008 b g_nvMapGuard
0000000000060378 0000000000000080 b g_defaultWin
00000000000603f8 0000000000000050 b g_viDisplay
0000000000060448 0000000000000010 b g_viLayer
0000000000060458 0000000000000001 b g_hasRandomSeed
0000000000060459 0000000000000001 b g_isNso
000000000006045c 0000000000000004 b g_lastLoadResult
0000000000060460 0000000000000008 b g_loaderInfo
0000000000060468 0000000000000008 b g_loaderInfoSize
0000000000060470 0000000000000008 b g_loaderRetAddr
0000000000060478 0000000000000004 b g_mainThreadHandle
0000000000060480 0000000000000008 b g_nextLoadArgv
0000000000060488 0000000000000008 b g_nextLoadPath
0000000000060490 0000000000000008 b g_overrideArgv
0000000000060498 0000000000000008 b g_overrideHeapAddr
00000000000604a0 0000000000000008 b g_overrideHeapSize
00000000000604a8 0000000000000004 b g_processHandle
00000000000604b0 0000000000000010 b g_randomSeed
00000000000604c0 0000000000000010 b g_syscallHints
00000000000604d0 0000000000000008 b g_userIdStorage
00000000000604d8 0000000000000004 b g_hosVersion
00000000000604dc 0000000000000004 b fsdev_fsdevice_cwd
00000000000604e0 0000000000002400 b fsdev_fsdevices
00000000000628e0 0000000000000001 b fsdev_initialised
00000000000628e8 0000000000000008 V __romfs_path
00000000000628f0 0000000000000001 b romfs_initialised
00000000000628f8 0000000000003700 b romfs_mounts
0000000000065ff8 B __stack_top
0000000000066000 0000000000000040 b g_chacha
0000000000066040 0000000000000001 b g_randInit
0000000000066044 0000000000000004 b g_randMutex
0000000000066048 0000000000000008 b g_apmGuard
0000000000066050 0000000000000010 b g_apmISession
0000000000066060 0000000000000010 b g_apmSrv
0000000000066070 0000000000000004 V __nx_time_service_type
0000000000066078 0000000000000008 b g_timeGuard
0000000000066080 0000000000000010 b g_timeLocalSystemClock
0000000000066090 0000000000000010 b g_timeNetworkSystemClock
00000000000660a0 0000000000000020 b g_timeSharedmem
00000000000660c0 0000000000000010 b g_timeSrv
00000000000660d0 0000000000000010 b g_timeSteadyClock
00000000000660e0 0000000000000010 b g_timeTimeZoneService
00000000000660f0 0000000000000010 b g_timeUserSystemClock
0000000000066100 0000000000000008 V __nx_vi_layer_id
0000000000066108 0000000000000008 b g_viGuard
0000000000066110 0000000000000010 b g_viIApplicationDisplayService
0000000000066120 0000000000000010 b g_viIHOSBinderDriverIndirect
0000000000066130 0000000000000010 b g_viIHOSBinderDriverRelay
0000000000066140 0000000000000010 b g_viIManagerDisplayService
0000000000066150 0000000000000010 b g_viISystemDisplayService
0000000000066160 0000000000000004 B __system_argc
0000000000066168 0000000000000008 B __system_argv
0000000000066170 0000000000000008 b g_argv_empty
0000000000066178 0000000000000004 V __nx_exception_ignoredebug
0000000000066180 0000000000000400 V __nx_exception_stack
0000000000066580 0000000000000340 B __nx_exceptiondump
00000000000668c0 0000000000000008 V __nx_heap_size
00000000000668c8 0000000000000008 b __bootticks
00000000000668d0 0000000000000008 b __boottime
00000000000668d8 0000000000000004 V __nx_time_type
00000000000668e0 0000000000000004 B __nxlink_host
00000000000668e8 0000000000000038 b g_mainThread
0000000000066920 0000000000000008 b g_threadList
0000000000066928 0000000000000004 b g_threadMutex
0000000000066930 00000000000000d8 b g_tlsDestructors
0000000000066a08 0000000000000008 b g_tlsUsageMask
0000000000066a10 0000000000000008 b g_setsysGuard
0000000000066a18 0000000000000010 b g_setsysSrv
0000000000066a28 0000000000000028 b (anonymous namespace)::emergency_pool
0000000000066a50 0000000000000008 b (anonymous namespace)::__new_handler
0000000000066a58 0000000000000020 V std::string::_Rep::_S_empty_rep_storage
0000000000066a78 0000000000000010 b eh_globals
0000000000066a88 0000000000000008 b init
0000000000066a90 0000000000000062 b dwarf_reg_size_table
0000000000066af8 0000000000000004 b once_regsizes.0
0000000000066b00 0000000000000008 b marker.0
0000000000066b08 0000000000000010 b object_mutex
0000000000066b18 0000000000000008 b seen_objects
0000000000066b20 0000000000000008 b unseen_objects
0000000000066b28 000000000000000c b __sfp_recursive_mutex
0000000000066b38 000000000000000c b __sinit_recursive_mutex
0000000000066b48 0000000000000028 B __malloc_current_mallinfo
0000000000066b70 0000000000000008 B __malloc_max_sbrked_mem
0000000000066b78 0000000000000008 B __malloc_max_total_mem
0000000000066b80 0000000000000008 B __malloc_top_pad
0000000000066b88 000000000000000c b __malloc_recursive_mutex
0000000000066b94 0000000000000004 b alloced.0
0000000000066b98 000000000000000c B __atexit_recursive_mutex
0000000000066ba8 0000000000000008 b initial_env
0000000000066bb0 000000000000000c b __env_recursive_mutex
0000000000066bc0 0000000000000008 b heap_start.0
0000000000066bc8 0000000000000008 B fake_heap_end
0000000000066bd0 0000000000000008 B fake_heap_start
0000000000066bd8 0000000000000400 b temp_cwd
0000000000066fd8 0000000000000004 b __hndl_lock
0000000000066fdc 0000000000000004 b __pthread_once_cv
0000000000066fe0 0000000000000004 b __pthread_once_lock
0000000000066fe8 B __tls_start
00000000000673f8 B __bss_end__
00000000000673f8 A __end__
00000000000673f8 B __tls_end
0000000000068000 A __argdata__
